{"numTotalTestSuites":100,"numPassedTestSuites":99,"numFailedTestSuites":1,"numPendingTestSuites":0,"numTotalTests":177,"numPassedTests":136,"numFailedTests":41,"numPendingTests":0,"numTodoTests":0,"startTime":1760191290495,"success":false,"testResults":[{"assertionResults":[{"ancestorTitles":["","upsertChallengeProgress"],"fullName":" upsertChallengeProgress throws when the user is not authenticated","status":"passed","title":"throws when the user is not authenticated","duration":17,"failureMessages":[]},{"ancestorTitles":["","upsertChallengeProgress"],"fullName":" upsertChallengeProgress returns a hearts error when the learner has no hearts and no subscription","status":"passed","title":"returns a hearts error when the learner has no hearts and no subscription","duration":7,"failureMessages":[]},{"ancestorTitles":["","upsertChallengeProgress"],"fullName":" upsertChallengeProgress treats completed challenges as practice and awards bonus hearts and points","status":"passed","title":"treats completed challenges as practice and awards bonus hearts and points","duration":2,"failureMessages":[]},{"ancestorTitles":["","upsertChallengeProgress"],"fullName":" upsertChallengeProgress inserts new progress and increments points for first-time completion","status":"passed","title":"inserts new progress and increments points for first-time completion","duration":2,"failureMessages":[]}],"startTime":1760191291460,"endTime":1760191291488,"status":"passed","message":"","name":"/Users/behrouz/Desktop/CodeBase/aws-learning-platform/__tests__/actions/challenge-progress.test.ts"},{"assertionResults":[{"ancestorTitles":["","upsertUserProgress"],"fullName":" upsertUserProgress throws when the user is not authenticated","status":"passed","title":"throws when the user is not authenticated","duration":2,"failureMessages":[]},{"ancestorTitles":["","upsertUserProgress"],"fullName":" upsertUserProgress throws when the course cannot be found","status":"passed","title":"throws when the course cannot be found","duration":1,"failureMessages":[]},{"ancestorTitles":["","upsertUserProgress"],"fullName":" upsertUserProgress throws when the course has no lessons","status":"passed","title":"throws when the course has no lessons","duration":0,"failureMessages":[]},{"ancestorTitles":["","upsertUserProgress"],"fullName":" upsertUserProgress updates existing progress and redirects to the learn page","status":"passed","title":"updates existing progress and redirects to the learn page","duration":4,"failureMessages":[]},{"ancestorTitles":["","upsertUserProgress"],"fullName":" upsertUserProgress creates new progress records when none exist","status":"passed","title":"creates new progress records when none exist","duration":2,"failureMessages":[]},{"ancestorTitles":["","reduceHearts"],"fullName":" reduceHearts throws when the user is not authenticated","status":"passed","title":"throws when the user is not authenticated","duration":0,"failureMessages":[]},{"ancestorTitles":["","reduceHearts"],"fullName":" reduceHearts returns a practice error when the challenge was already completed","status":"passed","title":"returns a practice error when the challenge was already completed","duration":1,"failureMessages":[]},{"ancestorTitles":["","reduceHearts"],"fullName":" reduceHearts returns a hearts error when the learner is out of hearts","status":"passed","title":"returns a hearts error when the learner is out of hearts","duration":0,"failureMessages":[]},{"ancestorTitles":["","reduceHearts"],"fullName":" reduceHearts decrements hearts and triggers revalidation on success","status":"passed","title":"decrements hearts and triggers revalidation on success","duration":2,"failureMessages":[]},{"ancestorTitles":["","refillHearts"],"fullName":" refillHearts throws when progress cannot be found","status":"passed","title":"throws when progress cannot be found","duration":0,"failureMessages":[]},{"ancestorTitles":["","refillHearts"],"fullName":" refillHearts throws when hearts are already full","status":"passed","title":"throws when hearts are already full","duration":0,"failureMessages":[]},{"ancestorTitles":["","refillHearts"],"fullName":" refillHearts throws when there are not enough points","status":"passed","title":"throws when there are not enough points","duration":1,"failureMessages":[]},{"ancestorTitles":["","refillHearts"],"fullName":" refillHearts refills hearts and deducts points","status":"passed","title":"refills hearts and deducts points","duration":1,"failureMessages":[]}],"startTime":1760191291502,"endTime":1760191291516,"status":"passed","message":"","name":"/Users/behrouz/Desktop/CodeBase/aws-learning-platform/__tests__/actions/user-progress.test.ts"},{"assertionResults":[{"ancestorTitles":["","createStripeUrl"],"fullName":" createStripeUrl throws when the user is not authenticated","status":"passed","title":"throws when the user is not authenticated","duration":2,"failureMessages":[]},{"ancestorTitles":["","createStripeUrl"],"fullName":" createStripeUrl returns a billing portal URL when the user already has a subscription","status":"passed","title":"returns a billing portal URL when the user already has a subscription","duration":1,"failureMessages":[]},{"ancestorTitles":["","createStripeUrl"],"fullName":" createStripeUrl creates a checkout session for new subscribers","status":"passed","title":"creates a checkout session for new subscribers","duration":1,"failureMessages":[]}],"startTime":1760191293809,"endTime":1760191293813,"status":"passed","message":"","name":"/Users/behrouz/Desktop/CodeBase/aws-learning-platform/__tests__/actions/user-subscription.test.ts"},{"assertionResults":[{"ancestorTitles":["","getUserProgress"],"fullName":" getUserProgress returns null when the user is not authenticated","status":"passed","title":"returns null when the user is not authenticated","duration":1,"failureMessages":[]},{"ancestorTitles":["","getUserProgress"],"fullName":" getUserProgress returns the active course progress for the current user","status":"passed","title":"returns the active course progress for the current user","duration":16,"failureMessages":[]},{"ancestorTitles":["","getUnits"],"fullName":" getUnits returns an empty array when the user is not authenticated","status":"passed","title":"returns an empty array when the user is not authenticated","duration":0,"failureMessages":[]},{"ancestorTitles":["","getUnits"],"fullName":" getUnits marks lessons as completed only when every challenge is finished","status":"passed","title":"marks lessons as completed only when every challenge is finished","duration":2,"failureMessages":[]},{"ancestorTitles":["","getCourses"],"fullName":" getCourses returns courses enriched with user progress when a learner is authenticated","status":"passed","title":"returns courses enriched with user progress when a learner is authenticated","duration":1,"failureMessages":[]},{"ancestorTitles":["","getCourses"],"fullName":" getCourses returns basic course data with null progress when unauthenticated","status":"passed","title":"returns basic course data with null progress when unauthenticated","duration":0,"failureMessages":[]},{"ancestorTitles":["","getCourseById"],"fullName":" getCourseById returns the course hierarchy for the requested id","status":"passed","title":"returns the course hierarchy for the requested id","duration":0,"failureMessages":[]},{"ancestorTitles":["","getCourseProgress"],"fullName":" getCourseProgress returns null when there is no active course","status":"passed","title":"returns null when there is no active course","duration":0,"failureMessages":[]},{"ancestorTitles":["","getCourseProgress"],"fullName":" getCourseProgress locates the first lesson with an incomplete challenge","status":"passed","title":"locates the first lesson with an incomplete challenge","duration":0,"failureMessages":[]},{"ancestorTitles":["","getLesson"],"fullName":" getLesson returns null for unauthenticated users","status":"passed","title":"returns null for unauthenticated users","duration":0,"failureMessages":[]},{"ancestorTitles":["","getLesson"],"fullName":" getLesson returns null when the lesson cannot be found","status":"passed","title":"returns null when the lesson cannot be found","duration":0,"failureMessages":[]},{"ancestorTitles":["","getLesson"],"fullName":" getLesson annotates challenge completion state","status":"passed","title":"annotates challenge completion state","duration":1,"failureMessages":[]},{"ancestorTitles":["","getLessonPercentage"],"fullName":" getLessonPercentage returns 0 when there is no active lesson","status":"passed","title":"returns 0 when there is no active lesson","duration":0,"failureMessages":[]},{"ancestorTitles":["","getLessonPercentage"],"fullName":" getLessonPercentage returns the rounded completion percentage of the active lesson","status":"passed","title":"returns the rounded completion percentage of the active lesson","duration":0,"failureMessages":[]},{"ancestorTitles":["","getUserSubscription"],"fullName":" getUserSubscription returns null when the user is not authenticated","status":"passed","title":"returns null when the user is not authenticated","duration":0,"failureMessages":[]},{"ancestorTitles":["","getUserSubscription"],"fullName":" getUserSubscription returns null when there is no subscription record","status":"passed","title":"returns null when there is no subscription record","duration":0,"failureMessages":[]},{"ancestorTitles":["","getUserSubscription"],"fullName":" getUserSubscription flags subscriptions as active when the grace period has not elapsed","status":"passed","title":"flags subscriptions as active when the grace period has not elapsed","duration":1,"failureMessages":[]},{"ancestorTitles":["","getUserSubscription"],"fullName":" getUserSubscription marks subscriptions as inactive after the grace period","status":"passed","title":"marks subscriptions as inactive after the grace period","duration":0,"failureMessages":[]},{"ancestorTitles":["","getTopTenUsers"],"fullName":" getTopTenUsers returns an empty array for anonymous users","status":"passed","title":"returns an empty array for anonymous users","duration":0,"failureMessages":[]},{"ancestorTitles":["","getTopTenUsers"],"fullName":" getTopTenUsers returns the leaderboard of top users","status":"passed","title":"returns the leaderboard of top users","duration":1,"failureMessages":[]},{"ancestorTitles":["","getAdminCourseById"],"fullName":" getAdminCourseById returns the full course graph for admins","status":"passed","title":"returns the full course graph for admins","duration":1,"failureMessages":[]}],"startTime":1760191291459,"endTime":1760191291484,"status":"passed","message":"","name":"/Users/behrouz/Desktop/CodeBase/aws-learning-platform/__tests__/db/queries.test.ts"},{"assertionResults":[{"ancestorTitles":["","Mobile Header"],"fullName":" Mobile Header renders the menu button","status":"passed","title":"renders the menu button","duration":246,"failureMessages":[]},{"ancestorTitles":["","Mobile Header"],"fullName":" Mobile Header opens sidebar when menu button is clicked","status":"failed","title":"opens sidebar when menu button is clicked","duration":51,"failureMessages":["expected \"spy\" to be called 1 times, but got 0 times"],"location":{"line":55,"column":22}},{"ancestorTitles":["","Mobile Header"],"fullName":" Mobile Header shows sidebar when isOpen is true","status":"failed","title":"shows sidebar when isOpen is true","duration":16,"failureMessages":["Unable to find an element by: [data-testid=\"sidebar\"]\n\nIgnored nodes: comments, script, style\n\u001b[36m<body\u001b[39m\n  \u001b[33mstyle\u001b[39m=\u001b[32m\"\"\u001b[39m\n\u001b[36m>\u001b[39m\n  \u001b[36m<div>\u001b[39m\n    \u001b[36m<nav\u001b[39m\n      \u001b[33mclass\u001b[39m=\u001b[32m\"lg:hidden px-6 h-[50px] flex items-center bg-orange-500 dark:bg-gray-800 border-b border-orange-600 dark:border-gray-700 fixed top-0 w-full z-50\"\u001b[39m\n    \u001b[36m>\u001b[39m\n      \u001b[36m<button\u001b[39m\n        \u001b[33maria-controls\u001b[39m=\u001b[32m\"radix-:r6:\"\u001b[39m\n        \u001b[33maria-expanded\u001b[39m=\u001b[32m\"false\"\u001b[39m\n        \u001b[33maria-haspopup\u001b[39m=\u001b[32m\"dialog\"\u001b[39m\n        \u001b[33mdata-state\u001b[39m=\u001b[32m\"closed\"\u001b[39m\n        \u001b[33mtype\u001b[39m=\u001b[32m\"button\"\u001b[39m\n      \u001b[36m>\u001b[39m\n        \u001b[36m<svg\u001b[39m\n          \u001b[33mclass\u001b[39m=\u001b[32m\"lucide lucide-menu text-white dark:text-gray-200\"\u001b[39m\n          \u001b[33mfill\u001b[39m=\u001b[32m\"none\"\u001b[39m\n          \u001b[33mheight\u001b[39m=\u001b[32m\"24\"\u001b[39m\n          \u001b[33mstroke\u001b[39m=\u001b[32m\"currentColor\"\u001b[39m\n          \u001b[33mstroke-linecap\u001b[39m=\u001b[32m\"round\"\u001b[39m\n          \u001b[33mstroke-linejoin\u001b[39m=\u001b[32m\"round\"\u001b[39m\n          \u001b[33mstroke-width\u001b[39m=\u001b[32m\"2\"\u001b[39m\n          \u001b[33mviewBox\u001b[39m=\u001b[32m\"0 0 24 24\"\u001b[39m\n          \u001b[33mwidth\u001b[39m=\u001b[32m\"24\"\u001b[39m\n          \u001b[33mxmlns\u001b[39m=\u001b[32m\"http://www.w3.org/2000/svg\"\u001b[39m\n        \u001b[36m>\u001b[39m\n          \u001b[36m<line\u001b[39m\n            \u001b[33mx1\u001b[39m=\u001b[32m\"4\"\u001b[39m\n            \u001b[33mx2\u001b[39m=\u001b[32m\"20\"\u001b[39m\n            \u001b[33my1\u001b[39m=\u001b[32m\"12\"\u001b[39m\n            \u001b[33my2\u001b[39m=\u001b[32m\"12\"\u001b[39m\n          \u001b[36m/>\u001b[39m\n          \u001b[36m<line\u001b[39m\n            \u001b[33mx1\u001b[39m=\u001b[32m\"4\"\u001b[39m\n            \u001b[33mx2\u001b[39m=\u001b[32m\"20\"\u001b[39m\n            \u001b[33my1\u001b[39m=\u001b[32m\"6\"\u001b[39m\n            \u001b[33my2\u001b[39m=\u001b[32m\"6\"\u001b[39m\n          \u001b[36m/>\u001b[39m\n          \u001b[36m<line\u001b[39m\n            \u001b[33mx1\u001b[39m=\u001b[32m\"4\"\u001b[39m\n            \u001b[33mx2\u001b[39m=\u001b[32m\"20\"\u001b[39m\n            \u001b[33my1\u001b[39m=\u001b[32m\"18\"\u001b[39m\n            \u001b[33my2\u001b[39m=\u001b[32m\"18\"\u001b[39m\n          \u001b[36m/>\u001b[39m\n        \u001b[36m</svg>\u001b[39m\n      \u001b[36m</button>\u001b[39m\n    \u001b[36m</nav>\u001b[39m\n  \u001b[36m</div>\u001b[39m\n\u001b[36m</body>\u001b[39m"],"location":{"line":37,"column":19}},{"ancestorTitles":["","Mobile Header"],"fullName":" Mobile Header hides sidebar when isOpen is false","status":"passed","title":"hides sidebar when isOpen is false","duration":8,"failureMessages":[]},{"ancestorTitles":["","Mobile Header"],"fullName":" Mobile Header closes sidebar when overlay is clicked","status":"failed","title":"closes sidebar when overlay is clicked","duration":11,"failureMessages":["Unable to find an element by: [data-testid=\"mobile-sidebar-overlay\"]\n\nIgnored nodes: comments, script, style\n\u001b[36m<body\u001b[39m\n  \u001b[33mstyle\u001b[39m=\u001b[32m\"\"\u001b[39m\n\u001b[36m>\u001b[39m\n  \u001b[36m<div>\u001b[39m\n    \u001b[36m<nav\u001b[39m\n      \u001b[33mclass\u001b[39m=\u001b[32m\"lg:hidden px-6 h-[50px] flex items-center bg-orange-500 dark:bg-gray-800 border-b border-orange-600 dark:border-gray-700 fixed top-0 w-full z-50\"\u001b[39m\n    \u001b[36m>\u001b[39m\n      \u001b[36m<button\u001b[39m\n        \u001b[33maria-controls\u001b[39m=\u001b[32m\"radix-:rc:\"\u001b[39m\n        \u001b[33maria-expanded\u001b[39m=\u001b[32m\"false\"\u001b[39m\n        \u001b[33maria-haspopup\u001b[39m=\u001b[32m\"dialog\"\u001b[39m\n        \u001b[33mdata-state\u001b[39m=\u001b[32m\"closed\"\u001b[39m\n        \u001b[33mtype\u001b[39m=\u001b[32m\"button\"\u001b[39m\n      \u001b[36m>\u001b[39m\n        \u001b[36m<svg\u001b[39m\n          \u001b[33mclass\u001b[39m=\u001b[32m\"lucide lucide-menu text-white dark:text-gray-200\"\u001b[39m\n          \u001b[33mfill\u001b[39m=\u001b[32m\"none\"\u001b[39m\n          \u001b[33mheight\u001b[39m=\u001b[32m\"24\"\u001b[39m\n          \u001b[33mstroke\u001b[39m=\u001b[32m\"currentColor\"\u001b[39m\n          \u001b[33mstroke-linecap\u001b[39m=\u001b[32m\"round\"\u001b[39m\n          \u001b[33mstroke-linejoin\u001b[39m=\u001b[32m\"round\"\u001b[39m\n          \u001b[33mstroke-width\u001b[39m=\u001b[32m\"2\"\u001b[39m\n          \u001b[33mviewBox\u001b[39m=\u001b[32m\"0 0 24 24\"\u001b[39m\n          \u001b[33mwidth\u001b[39m=\u001b[32m\"24\"\u001b[39m\n          \u001b[33mxmlns\u001b[39m=\u001b[32m\"http://www.w3.org/2000/svg\"\u001b[39m\n        \u001b[36m>\u001b[39m\n          \u001b[36m<line\u001b[39m\n            \u001b[33mx1\u001b[39m=\u001b[32m\"4\"\u001b[39m\n            \u001b[33mx2\u001b[39m=\u001b[32m\"20\"\u001b[39m\n            \u001b[33my1\u001b[39m=\u001b[32m\"12\"\u001b[39m\n            \u001b[33my2\u001b[39m=\u001b[32m\"12\"\u001b[39m\n          \u001b[36m/>\u001b[39m\n          \u001b[36m<line\u001b[39m\n            \u001b[33mx1\u001b[39m=\u001b[32m\"4\"\u001b[39m\n            \u001b[33mx2\u001b[39m=\u001b[32m\"20\"\u001b[39m\n            \u001b[33my1\u001b[39m=\u001b[32m\"6\"\u001b[39m\n            \u001b[33my2\u001b[39m=\u001b[32m\"6\"\u001b[39m\n          \u001b[36m/>\u001b[39m\n          \u001b[36m<line\u001b[39m\n            \u001b[33mx1\u001b[39m=\u001b[32m\"4\"\u001b[39m\n            \u001b[33mx2\u001b[39m=\u001b[32m\"20\"\u001b[39m\n            \u001b[33my1\u001b[39m=\u001b[32m\"18\"\u001b[39m\n            \u001b[33my2\u001b[39m=\u001b[32m\"18\"\u001b[39m\n          \u001b[36m/>\u001b[39m\n        \u001b[36m</svg>\u001b[39m\n      \u001b[36m</button>\u001b[39m\n    \u001b[36m</nav>\u001b[39m\n  \u001b[36m</div>\u001b[39m\n\u001b[36m</body>\u001b[39m"],"location":{"line":37,"column":19}}],"startTime":1760191294097,"endTime":1760191294429,"status":"failed","message":"","name":"/Users/behrouz/Desktop/CodeBase/aws-learning-platform/__tests__/components/mobile-header.test.tsx"},{"assertionResults":[{"ancestorTitles":["","Promo"],"fullName":" Promo renders upgrade to Pro message","status":"failed","title":"renders upgrade to Pro message","duration":140,"failureMessages":["Unable to find an element with the text: /Upgrade to Pro/i. This could be because the text is broken up by multiple elements. In this case, you can provide a function for your text matcher to make your matcher more flexible.\n\nIgnored nodes: comments, script, style\n\u001b[36m<body>\u001b[39m\n  \u001b[36m<div>\u001b[39m\n    \u001b[36m<div\u001b[39m\n      \u001b[33mclass\u001b[39m=\u001b[32m\"rounded-2xl border border-[hsl(var(--ds-neutral-200))] bg-[hsl(var(--ds-neutral-0))] dark:border-[hsl(var(--ds-neutral-700))] dark:bg-[hsl(var(--ds-neutral-800))] transition-all duration-200 ease-out shadow-[0_16px_32px_rgba(15,23,42,0.05)] dark:shadow-[0_12px_24px_rgba(15,23,42,0.45)] hover:-translate-y-0.5 hover:shadow-[0_22px_40px_rgba(15,23,42,0.10)] dark:hover:shadow-[0_18px_36px_rgba(15,23,42,0.55)] p-4 space-y-4\"\u001b[39m\n    \u001b[36m>\u001b[39m\n      \u001b[36m<div\u001b[39m\n        \u001b[33mclass\u001b[39m=\u001b[32m\"space-y-2\"\u001b[39m\n      \u001b[36m>\u001b[39m\n        \u001b[36m<div\u001b[39m\n          \u001b[33mclass\u001b[39m=\u001b[32m\"flex items-center gap-x-2\"\u001b[39m\n        \u001b[36m>\u001b[39m\n          \u001b[36m<img\u001b[39m\n            \u001b[33malt\u001b[39m=\u001b[32m\"Pro\"\u001b[39m\n            \u001b[33mheight\u001b[39m=\u001b[32m\"26\"\u001b[39m\n            \u001b[33msrc\u001b[39m=\u001b[32m\"/unlimited.svg\"\u001b[39m\n            \u001b[33mwidth\u001b[39m=\u001b[32m\"26\"\u001b[39m\n          \u001b[36m/>\u001b[39m\n          \u001b[36m<h3\u001b[39m\n            \u001b[33mclass\u001b[39m=\u001b[32m\"font-bold text-lg\"\u001b[39m\n          \u001b[36m>\u001b[39m\n            \u001b[0mUpgrade to \u001b[0m\n            \u001b[0mCloudLingo\u001b[0m\n            \u001b[0m Pro\u001b[0m\n          \u001b[36m</h3>\u001b[39m\n        \u001b[36m</div>\u001b[39m\n        \u001b[36m<p\u001b[39m\n          \u001b[33mclass\u001b[39m=\u001b[32m\"text-muted-foreground\"\u001b[39m\n        \u001b[36m>\u001b[39m\n          \u001b[0mGet unlimited hearts and unlock all AWS certification paths!\u001b[0m\n        \u001b[36m</p>\u001b[39m\n      \u001b[36m</div>\u001b[39m\n      \u001b[36m<a\u001b[39m\n        \u001b[33mclass\u001b[39m=\u001b[32m\"relative inline-flex items-center justify-center rounded-xl font-bold tracking-wide transition-all duration-150 ease-out py-3 focus-visible:outline-none focus-visible:ring-2 focus-visible:ring-offset-2 disabled:opacity-60 disabled:cursor-not-allowed disabled:shadow-none disabled:hover:transform-none disabled:active:transform-none disabled:hover:shadow-none disabled:active:shadow-none active:translate-y-1 active:shadow-none border-2 border-b-4 dark:focus-visible:ring-offset-gray-800 h-12 px-7 text-lg min-w-[140px] w-full\"\u001b[39m\n        \u001b[33mhref\u001b[39m=\u001b[32m\"/shop\"\u001b[39m\n      \u001b[36m>\u001b[39m\n        \u001b[0mUpgrade today\u001b[0m\n      \u001b[36m</a>\u001b[39m\n    \u001b[36m</div>\u001b[39m\n  \u001b[36m</div>\u001b[39m\n\u001b[36m</body>\u001b[39m"],"location":{"line":37,"column":19}},{"ancestorTitles":["","Promo"],"fullName":" Promo displays Pro benefits","status":"failed","title":"displays Pro benefits","duration":35,"failureMessages":["Unable to find an element with the text: /No ads/i. This could be because the text is broken up by multiple elements. In this case, you can provide a function for your text matcher to make your matcher more flexible.\n\nIgnored nodes: comments, script, style\n\u001b[36m<body>\u001b[39m\n  \u001b[36m<div>\u001b[39m\n    \u001b[36m<div\u001b[39m\n      \u001b[33mclass\u001b[39m=\u001b[32m\"rounded-2xl border border-[hsl(var(--ds-neutral-200))] bg-[hsl(var(--ds-neutral-0))] dark:border-[hsl(var(--ds-neutral-700))] dark:bg-[hsl(var(--ds-neutral-800))] transition-all duration-200 ease-out shadow-[0_16px_32px_rgba(15,23,42,0.05)] dark:shadow-[0_12px_24px_rgba(15,23,42,0.45)] hover:-translate-y-0.5 hover:shadow-[0_22px_40px_rgba(15,23,42,0.10)] dark:hover:shadow-[0_18px_36px_rgba(15,23,42,0.55)] p-4 space-y-4\"\u001b[39m\n    \u001b[36m>\u001b[39m\n      \u001b[36m<div\u001b[39m\n        \u001b[33mclass\u001b[39m=\u001b[32m\"space-y-2\"\u001b[39m\n      \u001b[36m>\u001b[39m\n        \u001b[36m<div\u001b[39m\n          \u001b[33mclass\u001b[39m=\u001b[32m\"flex items-center gap-x-2\"\u001b[39m\n        \u001b[36m>\u001b[39m\n          \u001b[36m<img\u001b[39m\n            \u001b[33malt\u001b[39m=\u001b[32m\"Pro\"\u001b[39m\n            \u001b[33mheight\u001b[39m=\u001b[32m\"26\"\u001b[39m\n            \u001b[33msrc\u001b[39m=\u001b[32m\"/unlimited.svg\"\u001b[39m\n            \u001b[33mwidth\u001b[39m=\u001b[32m\"26\"\u001b[39m\n          \u001b[36m/>\u001b[39m\n          \u001b[36m<h3\u001b[39m\n            \u001b[33mclass\u001b[39m=\u001b[32m\"font-bold text-lg\"\u001b[39m\n          \u001b[36m>\u001b[39m\n            \u001b[0mUpgrade to \u001b[0m\n            \u001b[0mCloudLingo\u001b[0m\n            \u001b[0m Pro\u001b[0m\n          \u001b[36m</h3>\u001b[39m\n        \u001b[36m</div>\u001b[39m\n        \u001b[36m<p\u001b[39m\n          \u001b[33mclass\u001b[39m=\u001b[32m\"text-muted-foreground\"\u001b[39m\n        \u001b[36m>\u001b[39m\n          \u001b[0mGet unlimited hearts and unlock all AWS certification paths!\u001b[0m\n        \u001b[36m</p>\u001b[39m\n      \u001b[36m</div>\u001b[39m\n      \u001b[36m<a\u001b[39m\n        \u001b[33mclass\u001b[39m=\u001b[32m\"relative inline-flex items-center justify-center rounded-xl font-bold tracking-wide transition-all duration-150 ease-out py-3 focus-visible:outline-none focus-visible:ring-2 focus-visible:ring-offset-2 disabled:opacity-60 disabled:cursor-not-allowed disabled:shadow-none disabled:hover:transform-none disabled:active:transform-none disabled:hover:shadow-none disabled:active:shadow-none active:translate-y-1 active:shadow-none border-2 border-b-4 dark:focus-visible:ring-offset-gray-800 h-12 px-7 text-lg min-w-[140px] w-full\"\u001b[39m\n        \u001b[33mhref\u001b[39m=\u001b[32m\"/shop\"\u001b[39m\n      \u001b[36m>\u001b[39m\n        \u001b[0mUpgrade today\u001b[0m\n      \u001b[36m</a>\u001b[39m\n    \u001b[36m</div>\u001b[39m\n  \u001b[36m</div>\u001b[39m\n\u001b[36m</body>\u001b[39m"],"location":{"line":37,"column":19}},{"ancestorTitles":["","Promo"],"fullName":" Promo includes a call-to-action button","status":"failed","title":"includes a call-to-action button","duration":84,"failureMessages":["Unable to find an accessible element with the role \"button\"\n\nHere are the accessible roles:\n\n  img:\n\n  Name \"Pro\":\n  \u001b[36m<img\u001b[39m\n    \u001b[33malt\u001b[39m=\u001b[32m\"Pro\"\u001b[39m\n    \u001b[33mheight\u001b[39m=\u001b[32m\"26\"\u001b[39m\n    \u001b[33msrc\u001b[39m=\u001b[32m\"/unlimited.svg\"\u001b[39m\n    \u001b[33mwidth\u001b[39m=\u001b[32m\"26\"\u001b[39m\n  \u001b[36m/>\u001b[39m\n\n  --------------------------------------------------\n  heading:\n\n  Name \"Upgrade to CloudLingo Pro\":\n  \u001b[36m<h3\u001b[39m\n    \u001b[33mclass\u001b[39m=\u001b[32m\"font-bold text-lg\"\u001b[39m\n  \u001b[36m/>\u001b[39m\n\n  --------------------------------------------------\n  paragraph:\n\n  Name \"\":\n  \u001b[36m<p\u001b[39m\n    \u001b[33mclass\u001b[39m=\u001b[32m\"text-muted-foreground\"\u001b[39m\n  \u001b[36m/>\u001b[39m\n\n  --------------------------------------------------\n  link:\n\n  Name \"Upgrade today\":\n  \u001b[36m<a\u001b[39m\n    \u001b[33mclass\u001b[39m=\u001b[32m\"relative inline-flex items-center justify-center rounded-xl font-bold tracking-wide transition-all duration-150 ease-out py-3 focus-visible:outline-none focus-visible:ring-2 focus-visible:ring-offset-2 disabled:opacity-60 disabled:cursor-not-allowed disabled:shadow-none disabled:hover:transform-none disabled:active:transform-none disabled:hover:shadow-none disabled:active:shadow-none active:translate-y-1 active:shadow-none border-2 border-b-4 dark:focus-visible:ring-offset-gray-800 h-12 px-7 text-lg min-w-[140px] w-full\"\u001b[39m\n    \u001b[33mhref\u001b[39m=\u001b[32m\"/shop\"\u001b[39m\n  \u001b[36m/>\u001b[39m\n\n  --------------------------------------------------\n\nIgnored nodes: comments, script, style\n\u001b[36m<body>\u001b[39m\n  \u001b[36m<div>\u001b[39m\n    \u001b[36m<div\u001b[39m\n      \u001b[33mclass\u001b[39m=\u001b[32m\"rounded-2xl border border-[hsl(var(--ds-neutral-200))] bg-[hsl(var(--ds-neutral-0))] dark:border-[hsl(var(--ds-neutral-700))] dark:bg-[hsl(var(--ds-neutral-800))] transition-all duration-200 ease-out shadow-[0_16px_32px_rgba(15,23,42,0.05)] dark:shadow-[0_12px_24px_rgba(15,23,42,0.45)] hover:-translate-y-0.5 hover:shadow-[0_22px_40px_rgba(15,23,42,0.10)] dark:hover:shadow-[0_18px_36px_rgba(15,23,42,0.55)] p-4 space-y-4\"\u001b[39m\n    \u001b[36m>\u001b[39m\n      \u001b[36m<div\u001b[39m\n        \u001b[33mclass\u001b[39m=\u001b[32m\"space-y-2\"\u001b[39m\n      \u001b[36m>\u001b[39m\n        \u001b[36m<div\u001b[39m\n          \u001b[33mclass\u001b[39m=\u001b[32m\"flex items-center gap-x-2\"\u001b[39m\n        \u001b[36m>\u001b[39m\n          \u001b[36m<img\u001b[39m\n            \u001b[33malt\u001b[39m=\u001b[32m\"Pro\"\u001b[39m\n            \u001b[33mheight\u001b[39m=\u001b[32m\"26\"\u001b[39m\n            \u001b[33msrc\u001b[39m=\u001b[32m\"/unlimited.svg\"\u001b[39m\n            \u001b[33mwidth\u001b[39m=\u001b[32m\"26\"\u001b[39m\n          \u001b[36m/>\u001b[39m\n          \u001b[36m<h3\u001b[39m\n            \u001b[33mclass\u001b[39m=\u001b[32m\"font-bold text-lg\"\u001b[39m\n          \u001b[36m>\u001b[39m\n            \u001b[0mUpgrade to \u001b[0m\n            \u001b[0mCloudLingo\u001b[0m\n            \u001b[0m Pro\u001b[0m\n          \u001b[36m</h3>\u001b[39m\n        \u001b[36m</div>\u001b[39m\n        \u001b[36m<p\u001b[39m\n          \u001b[33mclass\u001b[39m=\u001b[32m\"text-muted-foreground\"\u001b[39m\n        \u001b[36m>\u001b[39m\n          \u001b[0mGet unlimited hearts and unlock all AWS certification paths!\u001b[0m\n        \u001b[36m</p>\u001b[39m\n      \u001b[36m</div>\u001b[39m\n      \u001b[36m<a\u001b[39m\n        \u001b[33mclass\u001b[39m=\u001b[32m\"relative inline-flex items-center justify-center rounded-xl font-bold tracking-wide transition-all duration-150 ease-out py-3 focus-visible:outline-none focus-visible:ring-2 focus-visible:ring-offset-2 disabled:opacity-60 disabled:cursor-not-allowed disabled:shadow-none disabled:hover:transform-none disabled:active:transform-none disabled:hover:shadow-none disabled:active:shadow-none active:translate-y-1 active:shadow-none border-2 border-b-4 dark:focus-visible:ring-offset-gray-800 h-12 px-7 text-lg min-w-[140px] w-full\"\u001b[39m\n        \u001b[33mhref\u001b[39m=\u001b[32m\"/shop\"\u001b[39m\n      \u001b[36m>\u001b[39m\n        \u001b[0mUpgrade today\u001b[0m\n      \u001b[36m</a>\u001b[39m\n    \u001b[36m</div>\u001b[39m\n  \u001b[36m</div>\u001b[39m\n\u001b[36m</body>\u001b[39m"],"location":{"line":37,"column":19}},{"ancestorTitles":["","Promo"],"fullName":" Promo links to pro page","status":"passed","title":"links to pro page","duration":18,"failureMessages":[]},{"ancestorTitles":["","Promo"],"fullName":" Promo has attractive visual styling","status":"failed","title":"has attractive visual styling","duration":12,"failureMessages":["expect(element).toHaveClass(expected)\nAt least one expected class must be provided."],"location":{"line":54,"column":28}},{"ancestorTitles":["","Promo"],"fullName":" Promo displays Pro badge imagery","status":"passed","title":"displays Pro badge imagery","duration":26,"failureMessages":[]}],"startTime":1760191295321,"endTime":1760191295636,"status":"failed","message":"","name":"/Users/behrouz/Desktop/CodeBase/aws-learning-platform/__tests__/components/promo.test.tsx"},{"assertionResults":[],"startTime":1760191290495,"endTime":1760191290495,"status":"failed","message":"[vitest] There was an error when mocking a module. If you are using \"vi.mock\" factory, make sure there are no top level variables inside, since this call is hoisted to top of the file. Read more: https://vitest.dev/api/vi.html#vi-mock","name":"/Users/behrouz/Desktop/CodeBase/aws-learning-platform/__tests__/components/quests.test.tsx"},{"assertionResults":[{"ancestorTitles":["","Sidebar"],"fullName":" Sidebar renders main navigation items","status":"failed","title":"renders main navigation items","duration":574,"failureMessages":["Cannot destructure property 'className' of 'undefined' as it is undefined."],"location":{"line":23,"column":27}},{"ancestorTitles":["","Sidebar"],"fullName":" Sidebar displays branding section","status":"failed","title":"displays branding section","duration":16,"failureMessages":["Cannot destructure property 'className' of 'undefined' as it is undefined."],"location":{"line":23,"column":27}},{"ancestorTitles":["","Sidebar"],"fullName":" Sidebar shows course selection when courses are available","status":"failed","title":"shows course selection when courses are available","duration":14,"failureMessages":["Cannot destructure property 'className' of 'undefined' as it is undefined."],"location":{"line":23,"column":27}},{"ancestorTitles":["","Sidebar"],"fullName":" Sidebar handles empty user progress gracefully","status":"failed","title":"handles empty user progress gracefully","duration":13,"failureMessages":["Cannot destructure property 'className' of 'undefined' as it is undefined."],"location":{"line":23,"column":27}}],"startTime":1760191292658,"endTime":1760191293275,"status":"failed","message":"","name":"/Users/behrouz/Desktop/CodeBase/aws-learning-platform/__tests__/components/sidebar.test.tsx"},{"assertionResults":[{"ancestorTitles":["","User Progress"],"fullName":" User Progress displays user points correctly","status":"passed","title":"displays user points correctly","duration":118,"failureMessages":[]},{"ancestorTitles":["","User Progress"],"fullName":" User Progress shows hearts count for non-subscribers","status":"passed","title":"shows hearts count for non-subscribers","duration":59,"failureMessages":[]},{"ancestorTitles":["","User Progress"],"fullName":" User Progress displays infinity symbol for subscribers","status":"failed","title":"displays infinity symbol for subscribers","duration":44,"failureMessages":["expect(received).toBeInTheDocument()\n\nreceived value must be an HTMLElement or an SVGElement.\n"],"location":{"line":63,"column":68}},{"ancestorTitles":["","User Progress"],"fullName":" User Progress renders active course information","status":"passed","title":"renders active course information","duration":16,"failureMessages":[]},{"ancestorTitles":["","User Progress"],"fullName":" User Progress links to courses page when course is clicked","status":"failed","title":"links to courses page when course is clicked","duration":57,"failureMessages":["Found multiple elements with the role \"link\"\n\nHere are the matching elements:\n\nIgnored nodes: comments, script, style\n\u001b[36m<a\u001b[39m\n  \u001b[33mhref\u001b[39m=\u001b[32m\"/courses\"\u001b[39m\n\u001b[36m>\u001b[39m\n  \u001b[36m<button\u001b[39m\n    \u001b[33mclass\u001b[39m=\u001b[32m\"relative justify-center rounded-xl tracking-wide transition-all duration-150 ease-out py-3 focus-visible:outline-none focus-visible:ring-2 focus-visible:ring-offset-2 disabled:opacity-60 disabled:cursor-not-allowed disabled:shadow-none disabled:hover:transform-none disabled:active:transform-none disabled:hover:shadow-none disabled:active:shadow-none active:translate-y-1 active:shadow-none border-2 border-b-4 dark:focus-visible:ring-offset-gray-800 bg-transparent border-transparent shadow-none text-gray-700 font-bold hover:text-gray-800 focus-visible:ring-gray-300 dark:text-gray-200 dark:hover:bg-gray-700 dark:hover:text-gray-100 dark:focus-visible:ring-gray-500 h-11 px-6 text-base min-w-[120px] button-duolingo flex items-center gap-x-2 hover:bg-neutral-100\"\u001b[39m\n  \u001b[36m>\u001b[39m\n    \u001b[36m<span\u001b[39m\n      \u001b[33mclass\u001b[39m=\u001b[32m\"flex items-center\"\u001b[39m\n    \u001b[36m>\u001b[39m\n      \u001b[36m<img\u001b[39m\n        \u001b[33malt\u001b[39m=\u001b[32m\"AWS Fundamentals\"\u001b[39m\n        \u001b[33mclass\u001b[39m=\u001b[32m\"rounded-md border border-neutral-200\"\u001b[39m\n        \u001b[33mheight\u001b[39m=\u001b[32m\"32\"\u001b[39m\n        \u001b[33msrc\u001b[39m=\u001b[32m\"/course.png\"\u001b[39m\n        \u001b[33mwidth\u001b[39m=\u001b[32m\"32\"\u001b[39m\n      \u001b[36m/>\u001b[39m\n      \u001b[36m<div\u001b[39m\n        \u001b[33mclass\u001b[39m=\u001b[32m\"hidden sm:flex flex-col items-start\"\u001b[39m\n      \u001b[36m>\u001b[39m\n        \u001b[36m<span\u001b[39m\n          \u001b[33mclass\u001b[39m=\u001b[32m\"text-xs text-neutral-500\"\u001b[39m\n        \u001b[36m>\u001b[39m\n          \u001b[0mSwitch Course\u001b[0m\n        \u001b[36m</span>\u001b[39m\n        \u001b[36m<span\u001b[39m\n          \u001b[33mclass\u001b[39m=\u001b[32m\"text-sm font-medium text-neutral-700 truncate max-w-[120px]\"\u001b[39m\n        \u001b[36m>\u001b[39m\n          \u001b[0mAWS Fundamentals\u001b[0m\n        \u001b[36m</span>\u001b[39m\n      \u001b[36m</div>\u001b[39m\n    \u001b[36m</span>\u001b[39m\n  \u001b[36m</button>\u001b[39m\n\u001b[36m</a>\u001b[39m\n\nIgnored nodes: comments, script, style\n\u001b[36m<a\u001b[39m\n  \u001b[33mhref\u001b[39m=\u001b[32m\"/shop\"\u001b[39m\n\u001b[36m>\u001b[39m\n  \u001b[36m<button\u001b[39m\n    \u001b[33mclass\u001b[39m=\u001b[32m\"relative inline-flex items-center justify-center rounded-xl tracking-wide transition-all duration-150 ease-out py-3 focus-visible:outline-none focus-visible:ring-2 focus-visible:ring-offset-2 disabled:opacity-60 disabled:cursor-not-allowed disabled:shadow-none disabled:hover:transform-none disabled:active:transform-none disabled:hover:shadow-none disabled:active:shadow-none active:translate-y-1 active:shadow-none border-2 border-b-4 dark:focus-visible:ring-offset-gray-800 bg-transparent border-transparent shadow-none font-bold hover:bg-gray-100 hover:text-gray-800 focus-visible:ring-gray-300 dark:text-gray-200 dark:hover:bg-gray-700 dark:hover:text-gray-100 dark:focus-visible:ring-gray-500 h-11 px-6 text-base min-w-[120px] button-duolingo gap-x-2 text-green-600\"\u001b[39m\n  \u001b[36m>\u001b[39m\n    \u001b[36m<span\u001b[39m\n      \u001b[33mclass\u001b[39m=\u001b[32m\"flex items-center\"\u001b[39m\n    \u001b[36m>\u001b[39m\n      \u001b[36m<img\u001b[39m\n        \u001b[33malt\u001b[39m=\u001b[32m\"Points\"\u001b[39m\n        \u001b[33mheight\u001b[39m=\u001b[32m\"28\"\u001b[39m\n        \u001b[33msrc\u001b[39m=\u001b[32m\"/points.svg\"\u001b[39m\n        \u001b[33mwidth\u001b[39m=\u001b[32m\"28\"\u001b[39m\n      \u001b[36m/>\u001b[39m\n      \u001b[36m<span\u001b[39m\n        \u001b[33mclass\u001b[39m=\u001b[32m\"font-medium\"\u001b[39m\n      \u001b[36m>\u001b[39m\n        \u001b[0m100\u001b[0m\n      \u001b[36m</span>\u001b[39m\n    \u001b[36m</span>\u001b[39m\n  \u001b[36m</button>\u001b[39m\n\u001b[36m</a>\u001b[39m\n\nIgnored nodes: comments, script, style\n\u001b[36m<a\u001b[39m\n  \u001b[33mhref\u001b[39m=\u001b[32m\"/shop\"\u001b[39m\n\u001b[36m>\u001b[39m\n  \u001b[36m<button\u001b[39m\n    \u001b[33mclass\u001b[39m=\u001b[32m\"relative inline-flex items-center justify-center rounded-xl tracking-wide transition-all duration-150 ease-out py-3 focus-visible:outline-none focus-visible:ring-2 focus-visible:ring-offset-2 disabled:opacity-60 disabled:cursor-not-allowed disabled:shadow-none disabled:hover:transform-none disabled:active:transform-none disabled:hover:shadow-none disabled:active:shadow-none active:translate-y-1 active:shadow-none border-2 border-b-4 dark:focus-visible:ring-offset-gray-800 bg-transparent border-transparent shadow-none font-bold hover:bg-gray-100 hover:text-gray-800 focus-visible:ring-gray-300 dark:text-gray-200 dark:hover:bg-gray-700 dark:hover:text-gray-100 dark:focus-visible:ring-gray-500 h-11 px-6 text-base min-w-[120px] button-duolingo gap-x-2 text-[hsl(var(--ds-error-700))]\"\u001b[39m\n  \u001b[36m>\u001b[39m\n    \u001b[36m<span\u001b[39m\n      \u001b[33mclass\u001b[39m=\u001b[32m\"flex items-center\"\u001b[39m\n    \u001b[36m>\u001b[39m\n      \u001b[36m<img\u001b[39m\n        \u001b[33malt\u001b[39m=\u001b[32m\"Hearts\"\u001b[39m\n        \u001b[33mheight\u001b[39m=\u001b[32m\"22\"\u001b[39m\n        \u001b[33msrc\u001b[39m=\u001b[32m\"/heart.svg\"\u001b[39m\n        \u001b[33mwidth\u001b[39m=\u001b[32m\"22\"\u001b[39m\n      \u001b[36m/>\u001b[39m\n      \u001b[36m<span\u001b[39m\n        \u001b[33mclass\u001b[39m=\u001b[32m\"font-medium\"\u001b[39m\n      \u001b[36m>\u001b[39m\n        \u001b[0m5\u001b[0m\n      \u001b[36m</span>\u001b[39m\n    \u001b[36m</span>\u001b[39m\n  \u001b[36m</button>\u001b[39m\n\u001b[36m</a>\u001b[39m\n\n(If this is intentional, then use the `*AllBy*` variant of the query (like `queryAllByText`, `getAllByText`, or `findAllByText`)).\n\nIgnored nodes: comments, script, style\n\u001b[36m<body>\u001b[39m\n  \u001b[36m<div>\u001b[39m\n    \u001b[36m<div\u001b[39m\n      \u001b[33mclass\u001b[39m=\u001b[32m\"flex items-center justify-between gap-x-2 w-full\"\u001b[39m\n    \u001b[36m>\u001b[39m\n      \u001b[36m<a\u001b[39m\n        \u001b[33mhref\u001b[39m=\u001b[32m\"/courses\"\u001b[39m\n      \u001b[36m>\u001b[39m\n        \u001b[36m<button\u001b[39m\n          \u001b[33mclass\u001b[39m=\u001b[32m\"relative justify-center rounded-xl tracking-wide transition-all duration-150 ease-out py-3 focus-visible:outline-none focus-visible:ring-2 focus-visible:ring-offset-2 disabled:opacity-60 disabled:cursor-not-allowed disabled:shadow-none disabled:hover:transform-none disabled:active:transform-none disabled:hover:shadow-none disabled:active:shadow-none active:translate-y-1 active:shadow-none border-2 border-b-4 dark:focus-visible:ring-offset-gray-800 bg-transparent border-transparent shadow-none text-gray-700 font-bold hover:text-gray-800 focus-visible:ring-gray-300 dark:text-gray-200 dark:hover:bg-gray-700 dark:hover:text-gray-100 dark:focus-visible:ring-gray-500 h-11 px-6 text-base min-w-[120px] button-duolingo flex items-center gap-x-2 hover:bg-neutral-100\"\u001b[39m\n        \u001b[36m>\u001b[39m\n          \u001b[36m<span\u001b[39m\n            \u001b[33mclass\u001b[39m=\u001b[32m\"flex items-center\"\u001b[39m\n          \u001b[36m>\u001b[39m\n            \u001b[36m<img\u001b[39m\n              \u001b[33malt\u001b[39m=\u001b[32m\"AWS Fundamentals\"\u001b[39m\n              \u001b[33mclass\u001b[39m=\u001b[32m\"rounded-md border border-neutral-200\"\u001b[39m\n              \u001b[33mheight\u001b[39m=\u001b[32m\"32\"\u001b[39m\n              \u001b[33msrc\u001b[39m=\u001b[32m\"/course.png\"\u001b[39m\n              \u001b[33mwidth\u001b[39m=\u001b[32m\"32\"\u001b[39m\n            \u001b[36m/>\u001b[39m\n            \u001b[36m<div\u001b[39m\n              \u001b[33mclass\u001b[39m=\u001b[32m\"hidden sm:flex flex-col items-start\"\u001b[39m\n            \u001b[36m>\u001b[39m\n              \u001b[36m<span\u001b[39m\n                \u001b[33mclass\u001b[39m=\u001b[32m\"text-xs text-neutral-500\"\u001b[39m\n              \u001b[36m>\u001b[39m\n                \u001b[0mSwitch Course\u001b[0m\n              \u001b[36m</span>\u001b[39m\n              \u001b[36m<span\u001b[39m\n                \u001b[33mclass\u001b[39m=\u001b[32m\"text-sm font-medium text-neutral-700 truncate max-w-[120px]\"\u001b[39m\n              \u001b[36m>\u001b[39m\n                \u001b[0mAWS Fundamentals\u001b[0m\n              \u001b[36m</span>\u001b[39m\n            \u001b[36m</div>\u001b[39m\n          \u001b[36m</span>\u001b[39m\n        \u001b[36m</button>\u001b[39m\n      \u001b[36m</a>\u001b[39m\n      \u001b[36m<a\u001b[39m\n        \u001b[33mhref\u001b[39m=\u001b[32m\"/shop\"\u001b[39m\n      \u001b[36m>\u001b[39m\n        \u001b[36m<button\u001b[39m\n          \u001b[33mclass\u001b[39m=\u001b[32m\"relative inline-flex items-center justify-center rounded-xl tracking-wide transition-all duration-150 ease-out py-3 focus-visible:outline-none focus-visible:ring-2 focus-visible:ring-offset-2 disabled:opacity-60 disabled:cursor-not-allowed disabled:shadow-none disabled:hover:transform-none disabled:active:transform-none disabled:hover:shadow-none disabled:active:shadow-none active:translate-y-1 active:shadow-none border-2 border-b-4 dark:focus-visible:ring-offset-gray-800 bg-transparent border-transparent shadow-none font-bold hover:bg-gray-100 hover:text-gray-800 focus-visible:ring-gray-300 dark:text-gray-200 dark:hover:bg-gray-700 dark:hover:text-gray-100 dark:focus-visible:ring-gray-500 h-11 px-6 text-base min-w-[120px] button-duolingo gap-x-2 text-green-600\"\u001b[39m\n        \u001b[36m>\u001b[39m\n          \u001b[36m<span\u001b[39m\n            \u001b[33mclass\u001b[39m=\u001b[32m\"flex items-center\"\u001b[39m\n          \u001b[36m>\u001b[39m\n            \u001b[36m<img\u001b[39m\n              \u001b[33malt\u001b[39m=\u001b[32m\"Points\"\u001b[39m\n              \u001b[33mheight\u001b[39m=\u001b[32m\"28\"\u001b[39m\n              \u001b[33msrc\u001b[39m=\u001b[32m\"/points.svg\"\u001b[39m\n              \u001b[33mwidth\u001b[39m=\u001b[32m\"28\"\u001b[39m\n            \u001b[36m/>\u001b[39m\n            \u001b[36m<span\u001b[39m\n              \u001b[33mclass\u001b[39m=\u001b[32m\"font-medium\"\u001b[39m\n            \u001b[36m>\u001b[39m\n              \u001b[0m100\u001b[0m\n            \u001b[36m</span>\u001b[39m\n          \u001b[36m</span>\u001b[39m\n        \u001b[36m</button>\u001b[39m\n      \u001b[36m</a>\u001b[39m\n      \u001b[36m<a\u001b[39m\n        \u001b[33mhref\u001b[39m=\u001b[32m\"/shop\"\u001b[39m\n      \u001b[36m>\u001b[39m\n        \u001b[36m<button\u001b[39m\n          \u001b[33mclass\u001b[39m=\u001b[32m\"relative inline-flex items-center justify-center rounded-xl tracking-wide transition-all duration-150 ease-out py-3 focus-visible:outline-none focus-visible:ring-2 focus-visible:ring-offset-2 disabled:opacity-60 disabled:cursor-not-allowed disabled:shadow-none disabled:hover:transform-none disabled:active:transform-none disabled:hover:shadow-none disabled:active:shadow-none active:translate-y-1 active:shadow-none border-2 border-b-4 dark:focus-visible:ring-offset-gray-800 bg-transparent border-transparent shadow-none font-bold hover:bg-gray-100 hover:text-gray-800 focus-visible:ring-gray-300 dark:text-gray-200 dark:hover:bg-gray-700 dark:hover:text-gray-100 dark:focus-visible:ring-gray-500 h-11 px-6 text-base min-w-[120px] button-duolingo gap-x-2 text-[hsl(var(--ds-error-700))]\"\u001b[39m\n        \u001b[36m>\u001b[39m\n          \u001b[36m<span\u001b[39m\n            \u001b[33mclass\u001b[39m=\u001b[32m\"flex items-center\"\u001b[39m\n          \u001b[36m>\u001b[39m\n            \u001b[36m<img\u001b[39m\n              \u001b[33malt\u001b[39m=\u001b[32m\"Hearts\"\u001b[39m\n              \u001b[33mheight\u001b[39m=\u001b[32m\"22\"\u001b[39m\n              \u001b[33msrc\u001b[39m=\u001b[32m\"/heart.svg\"\u001b[39m\n              \u001b[33mwidth\u001b[39m=\u001b[32m\"22\"\u001b[39m\n            \u001b[36m/>\u001b[39m\n            \u001b[36m<span\u001b[39m\n              \u001b[33mclass\u001b[39m=\u001b[32m\"font-medium\"\u001b[39m\n            \u001b[36m>\u001b[39m\n              \u001b[0m5\u001b[0m\n            \u001b[36m</span>\u001b[39m\n          \u001b[36m</span>\u001b[39m\n        \u001b[36m</button>\u001b[39m\n      \u001b[36m</a>\u001b[39m\n    \u001b[36m</div>\u001b[39m\n  \u001b[36m</div>\u001b[39m\n\u001b[36m</body>\u001b[39m"],"location":{"line":37,"column":19}},{"ancestorTitles":["","User Progress"],"fullName":" User Progress shows shop link for points","status":"passed","title":"shows shop link for points","duration":122,"failureMessages":[]},{"ancestorTitles":["","User Progress"],"fullName":" User Progress shows shop link for hearts when not subscribed","status":"passed","title":"shows shop link for hearts when not subscribed","duration":25,"failureMessages":[]}],"startTime":1760191292482,"endTime":1760191292923,"status":"failed","message":"","name":"/Users/behrouz/Desktop/CodeBase/aws-learning-platform/__tests__/components/user-progress.test.tsx"},{"assertionResults":[{"ancestorTitles":["","Style Utils","cn (className utility)"],"fullName":" Style Utils cn (className utility) combines multiple class names","status":"passed","title":"combines multiple class names","duration":110,"failureMessages":[]},{"ancestorTitles":["","Style Utils","cn (className utility)"],"fullName":" Style Utils cn (className utility) handles conditional classes","status":"passed","title":"handles conditional classes","duration":20,"failureMessages":[]},{"ancestorTitles":["","Style Utils","cn (className utility)"],"fullName":" Style Utils cn (className utility) filters out falsy values","status":"passed","title":"filters out falsy values","duration":21,"failureMessages":[]},{"ancestorTitles":["","Style Utils","quickStyle"],"fullName":" Style Utils quickStyle generates quick styles for common patterns","status":"passed","title":"generates quick styles for common patterns","duration":24,"failureMessages":[]},{"ancestorTitles":["","Style Utils","quickStyle"],"fullName":" Style Utils quickStyle supports style variants","status":"passed","title":"supports style variants","duration":17,"failureMessages":[]},{"ancestorTitles":["","Style Utils","quickStyle"],"fullName":" Style Utils quickStyle handles unknown styles gracefully","status":"passed","title":"handles unknown styles gracefully","duration":28,"failureMessages":[]},{"ancestorTitles":["","Style Utils","responsiveClass"],"fullName":" Style Utils responsiveClass generates responsive classes","status":"passed","title":"generates responsive classes","duration":32,"failureMessages":[]},{"ancestorTitles":["","Style Utils","responsiveClass"],"fullName":" Style Utils responsiveClass handles partial responsive config","status":"passed","title":"handles partial responsive config","duration":19,"failureMessages":[]},{"ancestorTitles":["","Style Utils","createVariant"],"fullName":" Style Utils createVariant creates component variants","status":"passed","title":"creates component variants","duration":24,"failureMessages":[]}],"startTime":1760191291274,"endTime":1760191291569,"status":"passed","message":"","name":"/Users/behrouz/Desktop/CodeBase/aws-learning-platform/__tests__/lib/style-utils.test.ts"},{"assertionResults":[{"ancestorTitles":["","Theme Utils","getThemeClasses"],"fullName":" Theme Utils getThemeClasses returns default theme classes when no theme is provided","status":"passed","title":"returns default theme classes when no theme is provided","duration":3,"failureMessages":[]},{"ancestorTitles":["","Theme Utils","getThemeClasses"],"fullName":" Theme Utils getThemeClasses returns theme-specific classes for valid theme","status":"passed","title":"returns theme-specific classes for valid theme","duration":2,"failureMessages":[]},{"ancestorTitles":["","Theme Utils","getThemeClasses"],"fullName":" Theme Utils getThemeClasses handles invalid theme gracefully","status":"passed","title":"handles invalid theme gracefully","duration":2,"failureMessages":[]},{"ancestorTitles":["","Theme Utils","applyTheme"],"fullName":" Theme Utils applyTheme applies theme to HTML element","status":"passed","title":"applies theme to HTML element","duration":2,"failureMessages":[]},{"ancestorTitles":["","Theme Utils","getThemeColors"],"fullName":" Theme Utils getThemeColors returns color palette for theme","status":"passed","title":"returns color palette for theme","duration":1,"failureMessages":[]},{"ancestorTitles":["","Theme Utils","getThemeColors"],"fullName":" Theme Utils getThemeColors handles missing theme","status":"passed","title":"handles missing theme","duration":1,"failureMessages":[]},{"ancestorTitles":["","Theme Utils","validateTheme"],"fullName":" Theme Utils validateTheme validates existing theme","status":"passed","title":"validates existing theme","duration":1,"failureMessages":[]},{"ancestorTitles":["","Theme Utils","validateTheme"],"fullName":" Theme Utils validateTheme rejects invalid theme","status":"passed","title":"rejects invalid theme","duration":1,"failureMessages":[]}],"startTime":1760191293722,"endTime":1760191293735,"status":"passed","message":"","name":"/Users/behrouz/Desktop/CodeBase/aws-learning-platform/__tests__/lib/theme-utils.test.ts"},{"assertionResults":[{"ancestorTitles":["","AdminLayout"],"fullName":" AdminLayout redirects to the homepage when the user is not an admin","status":"passed","title":"redirects to the homepage when the user is not an admin","duration":9,"failureMessages":[]},{"ancestorTitles":["","AdminLayout"],"fullName":" AdminLayout renders header, sidebar, and children for admin users","status":"passed","title":"renders header, sidebar, and children for admin users","duration":26,"failureMessages":[]}],"startTime":1760191295367,"endTime":1760191295402,"status":"passed","message":"","name":"/Users/behrouz/Desktop/CodeBase/aws-learning-platform/__tests__/app/admin/layout.test.tsx"},{"assertionResults":[{"ancestorTitles":["","Challenge component"],"fullName":" Challenge component renders a single-column grid for ASSIST challenges","status":"passed","title":"renders a single-column grid for ASSIST challenges","duration":32,"failureMessages":[]},{"ancestorTitles":["","Challenge component"],"fullName":" Challenge component renders a responsive two-column grid for SELECT challenges and forwards selection","status":"passed","title":"renders a responsive two-column grid for SELECT challenges and forwards selection","duration":226,"failureMessages":[]}],"startTime":1760191294963,"endTime":1760191295221,"status":"passed","message":"","name":"/Users/behrouz/Desktop/CodeBase/aws-learning-platform/__tests__/app/lesson/challenge.test.tsx"},{"assertionResults":[{"ancestorTitles":["","Lesson Footer"],"fullName":" Lesson Footer shows success feedback and wires the enter key handler","status":"failed","title":"shows success feedback and wires the enter key handler","duration":126,"failureMessages":["Unable to find an accessible element with the role \"button\" and name \"Next\"\n\nHere are the accessible roles:\n\n  contentinfo:\n\n  Name \"\":\n  \u001b[36m<footer\u001b[39m\n    \u001b[33mclass\u001b[39m=\u001b[32m\"lg:h-[100px] h-[80px] border-t-2 border-transparent bg-green-50\"\u001b[39m\n  \u001b[36m/>\u001b[39m\n\n  --------------------------------------------------\n  button:\n\n  Name \"NEXT\":\n  \u001b[36m<button\u001b[39m\n    \u001b[33mclass\u001b[39m=\u001b[32m\"relative inline-flex items-center justify-center rounded-xl transition-all duration-150 ease-out py-3 focus-visible:outline-none focus-visible:ring-2 focus-visible:ring-offset-2 disabled:opacity-60 disabled:cursor-not-allowed disabled:shadow-none disabled:hover:transform-none disabled:active:transform-none disabled:hover:shadow-none disabled:active:shadow-none active:translate-y-1 active:shadow-none border-2 border-b-4 dark:focus-visible:ring-offset-gray-800 bg-emerald-500 border-emerald-700 text-white shadow-[0_4px_0_#047857] hover:bg-emerald-400 hover:border-emerald-600 hover:shadow-[0_6px_0_#047857] hover:-translate-y-0.5 focus-visible:ring-emerald-400 dark:bg-emerald-600 dark:border-emerald-800 dark:shadow-[0_4px_0_#047857] dark:hover:bg-emerald-500 dark:hover:border-emerald-700 h-12 px-7 text-lg button-duolingo ml-auto font-extrabold tracking-wide min-w-[120px]\"\u001b[39m\n  \u001b[36m/>\u001b[39m\n\n  --------------------------------------------------\n\nIgnored nodes: comments, script, style\n\u001b[36m<body>\u001b[39m\n  \u001b[36m<div>\u001b[39m\n    \u001b[36m<footer\u001b[39m\n      \u001b[33mclass\u001b[39m=\u001b[32m\"lg:h-[100px] h-[80px] border-t-2 border-transparent bg-green-50\"\u001b[39m\n    \u001b[36m>\u001b[39m\n      \u001b[36m<div\u001b[39m\n        \u001b[33mclass\u001b[39m=\u001b[32m\"max-w-[1140px] h-full mx-auto flex items-center justify-between px-6 lg:px-10\"\u001b[39m\n      \u001b[36m>\u001b[39m\n        \u001b[36m<div\u001b[39m\n          \u001b[33mclass\u001b[39m=\u001b[32m\"font-bold text-base lg:text-2xl flex items-center text-green-800\"\u001b[39m\n        \u001b[36m>\u001b[39m\n          \u001b[36m<svg\u001b[39m\n            \u001b[33mclass\u001b[39m=\u001b[32m\"lucide lucide-circle-check-big h-6 w-6 lg:h-10 lg:w-10 mr-4\"\u001b[39m\n            \u001b[33mfill\u001b[39m=\u001b[32m\"none\"\u001b[39m\n            \u001b[33mheight\u001b[39m=\u001b[32m\"24\"\u001b[39m\n            \u001b[33mstroke\u001b[39m=\u001b[32m\"currentColor\"\u001b[39m\n            \u001b[33mstroke-linecap\u001b[39m=\u001b[32m\"round\"\u001b[39m\n            \u001b[33mstroke-linejoin\u001b[39m=\u001b[32m\"round\"\u001b[39m\n            \u001b[33mstroke-width\u001b[39m=\u001b[32m\"2\"\u001b[39m\n            \u001b[33mviewBox\u001b[39m=\u001b[32m\"0 0 24 24\"\u001b[39m\n            \u001b[33mwidth\u001b[39m=\u001b[32m\"24\"\u001b[39m\n            \u001b[33mxmlns\u001b[39m=\u001b[32m\"http://www.w3.org/2000/svg\"\u001b[39m\n          \u001b[36m>\u001b[39m\n            \u001b[36m<path\u001b[39m\n              \u001b[33md\u001b[39m=\u001b[32m\"M21.801 10A10 10 0 1 1 17 3.335\"\u001b[39m\n            \u001b[36m/>\u001b[39m\n            \u001b[36m<path\u001b[39m\n              \u001b[33md\u001b[39m=\u001b[32m\"m9 11 3 3L22 4\"\u001b[39m\n            \u001b[36m/>\u001b[39m\n          \u001b[36m</svg>\u001b[39m\n          \u001b[0mNicely done!\u001b[0m\n        \u001b[36m</div>\u001b[39m\n        \u001b[36m<button\u001b[39m\n          \u001b[33mclass\u001b[39m=\u001b[32m\"relative inline-flex items-center justify-center rounded-xl transition-all duration-150 ease-out py-3 focus-visible:outline-none focus-visible:ring-2 focus-visible:ring-offset-2 disabled:opacity-60 disabled:cursor-not-allowed disabled:shadow-none disabled:hover:transform-none disabled:active:transform-none disabled:hover:shadow-none disabled:active:shadow-none active:translate-y-1 active:shadow-none border-2 border-b-4 dark:focus-visible:ring-offset-gray-800 bg-emerald-500 border-emerald-700 text-white shadow-[0_4px_0_#047857] hover:bg-emerald-400 hover:border-emerald-600 hover:shadow-[0_6px_0_#047857] hover:-translate-y-0.5 focus-visible:ring-emerald-400 dark:bg-emerald-600 dark:border-emerald-800 dark:shadow-[0_4px_0_#047857] dark:hover:bg-emerald-500 dark:hover:border-emerald-700 h-12 px-7 text-lg button-duolingo ml-auto font-extrabold tracking-wide min-w-[120px]\"\u001b[39m\n        \u001b[36m>\u001b[39m\n          \u001b[36m<span\u001b[39m\n            \u001b[33mclass\u001b[39m=\u001b[32m\"flex items-center\"\u001b[39m\n          \u001b[36m>\u001b[39m\n            \u001b[0mNEXT\u001b[0m\n          \u001b[36m</span>\u001b[39m\n        \u001b[36m</button>\u001b[39m\n      \u001b[36m</div>\u001b[39m\n    \u001b[36m</footer>\u001b[39m\n  \u001b[36m</div>\u001b[39m\n\u001b[36m</body>\u001b[39m"],"location":{"line":37,"column":19}},{"ancestorTitles":["","Lesson Footer"],"fullName":" Lesson Footer disables the action button and shows retry messaging when incorrect","status":"failed","title":"disables the action button and shows retry messaging when incorrect","duration":18,"failureMessages":["Unable to find an accessible element with the role \"button\" and name \"Retry\"\n\nHere are the accessible roles:\n\n  contentinfo:\n\n  Name \"\":\n  \u001b[36m<footer\u001b[39m\n    \u001b[33mclass\u001b[39m=\u001b[32m\"lg:h-[100px] h-[80px] border-t-2 border-transparent bg-red-50\"\u001b[39m\n  \u001b[36m/>\u001b[39m\n\n  --------------------------------------------------\n  button:\n\n  Name \"RETRY\":\n  \u001b[36m<button\u001b[39m\n    \u001b[33mclass\u001b[39m=\u001b[32m\"relative inline-flex items-center justify-center rounded-xl transition-all duration-150 ease-out py-3 focus-visible:outline-none focus-visible:ring-2 focus-visible:ring-offset-2 disabled:opacity-60 disabled:cursor-not-allowed disabled:shadow-none disabled:hover:transform-none disabled:active:transform-none disabled:hover:shadow-none disabled:active:shadow-none active:translate-y-1 border-2 border-b-4 dark:focus-visible:ring-offset-gray-800 bg-red-500 border-red-700 text-white hover:bg-red-400 hover:border-red-600 hover:-translate-y-0.5 focus-visible:ring-red-400 dark:bg-red-600 dark:border-red-800 dark:shadow-[0_4px_0_#b91c1c] dark:hover:bg-red-500 dark:hover:border-red-700 h-9 px-5 text-sm opacity-60 cursor-not-allowed pointer-events-none shadow-none active:transform-none active:shadow-none hover:transform-none hover:shadow-none button-duolingo ml-auto font-extrabold tracking-wide min-w-[120px]\"\u001b[39m\n    \u001b[33mdisabled\u001b[39m=\u001b[32m\"\"\u001b[39m\n  \u001b[36m/>\u001b[39m\n\n  --------------------------------------------------\n\nIgnored nodes: comments, script, style\n\u001b[36m<body>\u001b[39m\n  \u001b[36m<div>\u001b[39m\n    \u001b[36m<footer\u001b[39m\n      \u001b[33mclass\u001b[39m=\u001b[32m\"lg:h-[100px] h-[80px] border-t-2 border-transparent bg-red-50\"\u001b[39m\n    \u001b[36m>\u001b[39m\n      \u001b[36m<div\u001b[39m\n        \u001b[33mclass\u001b[39m=\u001b[32m\"max-w-[1140px] h-full mx-auto flex items-center justify-between px-6 lg:px-10\"\u001b[39m\n      \u001b[36m>\u001b[39m\n        \u001b[36m<div\u001b[39m\n          \u001b[33mclass\u001b[39m=\u001b[32m\"font-bold text-base lg:text-2xl flex items-center text-red-800\"\u001b[39m\n        \u001b[36m>\u001b[39m\n          \u001b[36m<svg\u001b[39m\n            \u001b[33mclass\u001b[39m=\u001b[32m\"lucide lucide-circle-x h-6 w-6 lg:h-10 lg:w-10 mr-4\"\u001b[39m\n            \u001b[33mfill\u001b[39m=\u001b[32m\"none\"\u001b[39m\n            \u001b[33mheight\u001b[39m=\u001b[32m\"24\"\u001b[39m\n            \u001b[33mstroke\u001b[39m=\u001b[32m\"currentColor\"\u001b[39m\n            \u001b[33mstroke-linecap\u001b[39m=\u001b[32m\"round\"\u001b[39m\n            \u001b[33mstroke-linejoin\u001b[39m=\u001b[32m\"round\"\u001b[39m\n            \u001b[33mstroke-width\u001b[39m=\u001b[32m\"2\"\u001b[39m\n            \u001b[33mviewBox\u001b[39m=\u001b[32m\"0 0 24 24\"\u001b[39m\n            \u001b[33mwidth\u001b[39m=\u001b[32m\"24\"\u001b[39m\n            \u001b[33mxmlns\u001b[39m=\u001b[32m\"http://www.w3.org/2000/svg\"\u001b[39m\n          \u001b[36m>\u001b[39m\n            \u001b[36m<circle\u001b[39m\n              \u001b[33mcx\u001b[39m=\u001b[32m\"12\"\u001b[39m\n              \u001b[33mcy\u001b[39m=\u001b[32m\"12\"\u001b[39m\n              \u001b[33mr\u001b[39m=\u001b[32m\"10\"\u001b[39m\n            \u001b[36m/>\u001b[39m\n            \u001b[36m<path\u001b[39m\n              \u001b[33md\u001b[39m=\u001b[32m\"m15 9-6 6\"\u001b[39m\n            \u001b[36m/>\u001b[39m\n            \u001b[36m<path\u001b[39m\n              \u001b[33md\u001b[39m=\u001b[32m\"m9 9 6 6\"\u001b[39m\n            \u001b[36m/>\u001b[39m\n          \u001b[36m</svg>\u001b[39m\n          \u001b[0mTry again.\u001b[0m\n        \u001b[36m</div>\u001b[39m\n        \u001b[36m<button\u001b[39m\n          \u001b[33mclass\u001b[39m=\u001b[32m\"relative inline-flex items-center justify-center rounded-xl transition-all duration-150 ease-out py-3 focus-visible:outline-none focus-visible:ring-2 focus-visible:ring-offset-2 disabled:opacity-60 disabled:cursor-not-allowed disabled:shadow-none disabled:hover:transform-none disabled:active:transform-none disabled:hover:shadow-none disabled:active:shadow-none active:translate-y-1 border-2 border-b-4 dark:focus-visible:ring-offset-gray-800 bg-red-500 border-red-700 text-white hover:bg-red-400 hover:border-red-600 hover:-translate-y-0.5 focus-visible:ring-red-400 dark:bg-red-600 dark:border-red-800 dark:shadow-[0_4px_0_#b91c1c] dark:hover:bg-red-500 dark:hover:border-red-700 h-9 px-5 text-sm opacity-60 cursor-not-allowed pointer-events-none shadow-none active:transform-none active:shadow-none hover:transform-none hover:shadow-none button-duolingo ml-auto font-extrabold tracking-wide min-w-[120px]\"\u001b[39m\n          \u001b[33mdisabled\u001b[39m=\u001b[32m\"\"\u001b[39m\n        \u001b[36m>\u001b[39m\n          \u001b[36m<span\u001b[39m\n            \u001b[33mclass\u001b[39m=\u001b[32m\"flex items-center\"\u001b[39m\n          \u001b[36m>\u001b[39m\n            \u001b[0mRETRY\u001b[0m\n          \u001b[36m</span>\u001b[39m\n        \u001b[36m</button>\u001b[39m\n      \u001b[36m</div>\u001b[39m\n    \u001b[36m</footer>\u001b[39m\n  \u001b[36m</div>\u001b[39m\n\u001b[36m</body>\u001b[39m"],"location":{"line":37,"column":19}},{"ancestorTitles":["","Lesson Footer"],"fullName":" Lesson Footer offers practice restart when a lesson is completed","status":"failed","title":"offers practice restart when a lesson is completed","duration":66,"failureMessages":["Unable to find an accessible element with the role \"button\" and name \"Continue\"\n\nHere are the accessible roles:\n\n  contentinfo:\n\n  Name \"\":\n  \u001b[36m<footer\u001b[39m\n    \u001b[33mclass\u001b[39m=\u001b[32m\"lg:h-[100px] h-[80px] border-t-2\"\u001b[39m\n  \u001b[36m/>\u001b[39m\n\n  --------------------------------------------------\n  button:\n\n  Name \"Practice again\":\n  \u001b[36m<button\u001b[39m\n    \u001b[33mclass\u001b[39m=\u001b[32m\"relative inline-flex items-center justify-center rounded-xl tracking-wide transition-all duration-150 ease-out py-3 focus-visible:outline-none focus-visible:ring-2 focus-visible:ring-offset-2 disabled:opacity-60 disabled:cursor-not-allowed disabled:shadow-none disabled:hover:transform-none disabled:active:transform-none disabled:hover:shadow-none disabled:active:shadow-none active:translate-y-1 active:shadow-none border-2 border-b-4 dark:focus-visible:ring-offset-gray-800 bg-green-50 border-green-200 text-green-800 font-extrabold shadow-[0_4px_0_#bbf7d0] hover:bg-green-100 hover:border-green-300 hover:shadow-[0_6px_0_#86efac] hover:-translate-y-0.5 focus-visible:ring-green-300 dark:bg-gray-800 dark:border-gray-600 dark:text-green-400 dark:shadow-[0_4px_0_#374151] dark:hover:bg-gray-700 dark:hover:border-gray-500 h-12 px-7 text-lg min-w-[140px] button-duolingo\"\u001b[39m\n  \u001b[36m/>\u001b[39m\n\n  Name \"CONTINUE\":\n  \u001b[36m<button\u001b[39m\n    \u001b[33mclass\u001b[39m=\u001b[32m\"relative inline-flex items-center justify-center rounded-xl transition-all duration-150 ease-out py-3 focus-visible:outline-none focus-visible:ring-2 focus-visible:ring-offset-2 disabled:opacity-60 disabled:cursor-not-allowed disabled:shadow-none disabled:hover:transform-none disabled:active:transform-none disabled:hover:shadow-none disabled:active:shadow-none active:translate-y-1 active:shadow-none border-2 border-b-4 dark:focus-visible:ring-offset-gray-800 bg-blue-500 border-blue-700 text-white shadow-[0_4px_0_#1d4ed8] hover:bg-blue-400 hover:border-blue-600 hover:shadow-[0_6px_0_#1d4ed8] hover:-translate-y-0.5 focus-visible:ring-blue-400 dark:bg-blue-600 dark:border-blue-800 dark:shadow-[0_4px_0_#1d4ed8] dark:hover:bg-blue-500 dark:hover:border-blue-700 h-12 px-7 text-lg button-duolingo ml-auto font-extrabold tracking-wide min-w-[120px]\"\u001b[39m\n  \u001b[36m/>\u001b[39m\n\n  --------------------------------------------------\n\nIgnored nodes: comments, script, style\n\u001b[36m<body>\u001b[39m\n  \u001b[36m<div>\u001b[39m\n    \u001b[36m<footer\u001b[39m\n      \u001b[33mclass\u001b[39m=\u001b[32m\"lg:h-[100px] h-[80px] border-t-2\"\u001b[39m\n    \u001b[36m>\u001b[39m\n      \u001b[36m<div\u001b[39m\n        \u001b[33mclass\u001b[39m=\u001b[32m\"max-w-[1140px] h-full mx-auto flex items-center justify-between px-6 lg:px-10\"\u001b[39m\n      \u001b[36m>\u001b[39m\n        \u001b[36m<button\u001b[39m\n          \u001b[33mclass\u001b[39m=\u001b[32m\"relative inline-flex items-center justify-center rounded-xl tracking-wide transition-all duration-150 ease-out py-3 focus-visible:outline-none focus-visible:ring-2 focus-visible:ring-offset-2 disabled:opacity-60 disabled:cursor-not-allowed disabled:shadow-none disabled:hover:transform-none disabled:active:transform-none disabled:hover:shadow-none disabled:active:shadow-none active:translate-y-1 active:shadow-none border-2 border-b-4 dark:focus-visible:ring-offset-gray-800 bg-green-50 border-green-200 text-green-800 font-extrabold shadow-[0_4px_0_#bbf7d0] hover:bg-green-100 hover:border-green-300 hover:shadow-[0_6px_0_#86efac] hover:-translate-y-0.5 focus-visible:ring-green-300 dark:bg-gray-800 dark:border-gray-600 dark:text-green-400 dark:shadow-[0_4px_0_#374151] dark:hover:bg-gray-700 dark:hover:border-gray-500 h-12 px-7 text-lg min-w-[140px] button-duolingo\"\u001b[39m\n        \u001b[36m>\u001b[39m\n          \u001b[36m<span\u001b[39m\n            \u001b[33mclass\u001b[39m=\u001b[32m\"flex items-center\"\u001b[39m\n          \u001b[36m>\u001b[39m\n            \u001b[0mPractice again\u001b[0m\n          \u001b[36m</span>\u001b[39m\n        \u001b[36m</button>\u001b[39m\n        \u001b[36m<button\u001b[39m\n          \u001b[33mclass\u001b[39m=\u001b[32m\"relative inline-flex items-center justify-center rounded-xl transition-all duration-150 ease-out py-3 focus-visible:outline-none focus-visible:ring-2 focus-visible:ring-offset-2 disabled:opacity-60 disabled:cursor-not-allowed disabled:shadow-none disabled:hover:transform-none disabled:active:transform-none disabled:hover:shadow-none disabled:active:shadow-none active:translate-y-1 active:shadow-none border-2 border-b-4 dark:focus-visible:ring-offset-gray-800 bg-blue-500 border-blue-700 text-white shadow-[0_4px_0_#1d4ed8] hover:bg-blue-400 hover:border-blue-600 hover:shadow-[0_6px_0_#1d4ed8] hover:-translate-y-0.5 focus-visible:ring-blue-400 dark:bg-blue-600 dark:border-blue-800 dark:shadow-[0_4px_0_#1d4ed8] dark:hover:bg-blue-500 dark:hover:border-blue-700 h-12 px-7 text-lg button-duolingo ml-auto font-extrabold tracking-wide min-w-[120px]\"\u001b[39m\n        \u001b[36m>\u001b[39m\n          \u001b[36m<span\u001b[39m\n            \u001b[33mclass\u001b[39m=\u001b[32m\"flex items-center\"\u001b[39m\n          \u001b[36m>\u001b[39m\n            \u001b[0mCONTINUE\u001b[0m\n          \u001b[36m</span>\u001b[39m\n        \u001b[36m</button>\u001b[39m\n      \u001b[36m</div>\u001b[39m\n    \u001b[36m</footer>\u001b[39m\n  \u001b[36m</div>\u001b[39m\n\u001b[36m</body>\u001b[39m"],"location":{"line":37,"column":19}}],"startTime":1760191292705,"endTime":1760191292915,"status":"failed","message":"","name":"/Users/behrouz/Desktop/CodeBase/aws-learning-platform/__tests__/app/lesson/footer.test.tsx"},{"assertionResults":[{"ancestorTitles":["","Lesson Header"],"fullName":" Lesson Header renders the remaining hearts count when the user is not subscribed","status":"passed","title":"renders the remaining hearts count when the user is not subscribed","duration":58,"failureMessages":[]},{"ancestorTitles":["","Lesson Header"],"fullName":" Lesson Header shows the infinity icon and triggers the exit modal when clicking close","status":"passed","title":"shows the infinity icon and triggers the exit modal when clicking close","duration":7,"failureMessages":[]}],"startTime":1760191295807,"endTime":1760191295872,"status":"passed","message":"","name":"/Users/behrouz/Desktop/CodeBase/aws-learning-platform/__tests__/app/lesson/header.test.tsx"},{"assertionResults":[{"ancestorTitles":["","LessonPage server component"],"fullName":" LessonPage server component redirects to /learn when lesson or user progress data is missing","status":"passed","title":"redirects to /learn when lesson or user progress data is missing","duration":770,"failureMessages":[]},{"ancestorTitles":["","LessonPage server component"],"fullName":" LessonPage server component returns the quiz component with expected props when data is available","status":"passed","title":"returns the quiz component with expected props when data is available","duration":1,"failureMessages":[]}],"startTime":1760191294235,"endTime":1760191295006,"status":"passed","message":"","name":"/Users/behrouz/Desktop/CodeBase/aws-learning-platform/__tests__/app/lesson/page.test.tsx"},{"assertionResults":[{"ancestorTitles":["","QuestionBubble"],"fullName":" QuestionBubble renders the supplied question text","status":"passed","title":"renders the supplied question text","duration":16,"failureMessages":[]}],"startTime":1760191295877,"endTime":1760191295893,"status":"passed","message":"","name":"/Users/behrouz/Desktop/CodeBase/aws-learning-platform/__tests__/app/lesson/question-bubble.test.tsx"},{"assertionResults":[{"ancestorTitles":["","ResultCard"],"fullName":" ResultCard renders total XP variant correctly","status":"passed","title":"renders total XP variant correctly","duration":19,"failureMessages":[]},{"ancestorTitles":["","ResultCard"],"fullName":" ResultCard renders hearts variant correctly","status":"passed","title":"renders hearts variant correctly","duration":4,"failureMessages":[]}],"startTime":1760191295787,"endTime":1760191295810,"status":"passed","message":"","name":"/Users/behrouz/Desktop/CodeBase/aws-learning-platform/__tests__/app/lesson/result-card.test.tsx"},{"assertionResults":[{"ancestorTitles":["","Marketing Footer"],"fullName":" Marketing Footer renders AWS certification badges","status":"failed","title":"renders AWS certification badges","duration":62,"failureMessages":["Unable to find an element with the text: /Master AWS Certifications/i. This could be because the text is broken up by multiple elements. In this case, you can provide a function for your text matcher to make your matcher more flexible.\n\nIgnored nodes: comments, script, style\n\u001b[36m<body>\u001b[39m\n  \u001b[36m<div>\u001b[39m\n    \u001b[36m<footer\u001b[39m\n      \u001b[33mclass\u001b[39m=\u001b[32m\"hidden lg:block h-20 w-full border-t-2 border-slate-200 p-2\"\u001b[39m\n    \u001b[36m>\u001b[39m\n      \u001b[36m<div\u001b[39m\n        \u001b[33mclass\u001b[39m=\u001b[32m\"max-w-screen-lg mx-auto flex items-center justify-evenly h-full\"\u001b[39m\n      \u001b[36m>\u001b[39m\n        \u001b[36m<button\u001b[39m\n          \u001b[33mclass\u001b[39m=\u001b[32m\"relative inline-flex items-center justify-center rounded-xl tracking-wide transition-all duration-150 ease-out py-3 focus-visible:outline-none focus-visible:ring-2 focus-visible:ring-offset-2 disabled:opacity-60 disabled:cursor-not-allowed disabled:shadow-none disabled:hover:transform-none disabled:active:transform-none disabled:hover:shadow-none disabled:active:shadow-none active:translate-y-1 active:shadow-none border-2 border-b-4 dark:focus-visible:ring-offset-gray-800 bg-transparent border-transparent shadow-none text-gray-700 font-bold hover:bg-gray-100 hover:text-gray-800 focus-visible:ring-gray-300 dark:text-gray-200 dark:hover:bg-gray-700 dark:hover:text-gray-100 dark:focus-visible:ring-gray-500 h-12 px-7 text-lg min-w-[140px] button-duolingo w-full\"\u001b[39m\n        \u001b[36m>\u001b[39m\n          \u001b[36m<span\u001b[39m\n            \u001b[33mclass\u001b[39m=\u001b[32m\"flex items-center\"\u001b[39m\n          \u001b[36m>\u001b[39m\n            \u001b[36m<img\u001b[39m\n              \u001b[33malt\u001b[39m=\u001b[32m\"Cloud Fundamentals\"\u001b[39m\n              \u001b[33mclass\u001b[39m=\u001b[32m\"mr-4 rounded-md\"\u001b[39m\n              \u001b[33mheight\u001b[39m=\u001b[32m\"32\"\u001b[39m\n              \u001b[33msrc\u001b[39m=\u001b[32m\"/mascot.svg\"\u001b[39m\n              \u001b[33mwidth\u001b[39m=\u001b[32m\"40\"\u001b[39m\n            \u001b[36m/>\u001b[39m\n            \u001b[0mCloud Fundamentals\u001b[0m\n          \u001b[36m</span>\u001b[39m\n        \u001b[36m</button>\u001b[39m\n        \u001b[36m<button\u001b[39m\n          \u001b[33mclass\u001b[39m=\u001b[32m\"relative inline-flex items-center justify-center rounded-xl tracking-wide transition-all duration-150 ease-out py-3 focus-visible:outline-none focus-visible:ring-2 focus-visible:ring-offset-2 disabled:opacity-60 disabled:cursor-not-allowed disabled:shadow-none disabled:hover:transform-none disabled:active:transform-none disabled:hover:shadow-none disabled:active:shadow-none active:translate-y-1 active:shadow-none border-2 border-b-4 dark:focus-visible:ring-offset-gray-800 bg-transparent border-transparent shadow-none text-gray-700 font-bold hover:bg-gray-100 hover:text-gray-800 focus-visible:ring-gray-300 dark:text-gray-200 dark:hover:bg-gray-700 dark:hover:text-gray-100 dark:focus-visible:ring-gray-500 h-12 px-7 text-lg min-w-[140px] button-duolingo w-full\"\u001b[39m\n        \u001b[36m>\u001b[39m\n          \u001b[36m<span\u001b[39m\n            \u001b[33mclass\u001b[39m=\u001b[32m\"flex items-center\"\u001b[39m\n          \u001b[36m>\u001b[39m\n            \u001b[36m<img\u001b[39m\n              \u001b[33malt\u001b[39m=\u001b[32m\"System Architecture\"\u001b[39m\n              \u001b[33mclass\u001b[39m=\u001b[32m\"mr-4 rounded-md\"\u001b[39m\n              \u001b[33mheight\u001b[39m=\u001b[32m\"32\"\u001b[39m\n              \u001b[33msrc\u001b[39m=\u001b[32m\"/mascot.svg\"\u001b[39m\n              \u001b[33mwidth\u001b[39m=\u001b[32m\"40\"\u001b[39m\n            \u001b[36m/>\u001b[39m\n            \u001b[0mSystem Architecture\u001b[0m\n          \u001b[36m</span>\u001b[39m\n        \u001b[36m</button>\u001b[39m\n        \u001b[36m<button\u001b[39m\n          \u001b[33mclass\u001b[39m=\u001b[32m\"relative inline-flex items-center justify-center rounded-xl tracking-wide transition-all duration-150 ease-out py-3 focus-visible:outline-none focus-visible:ring-2 focus-visible:ring-offset-2 disabled:opacity-60 disabled:cursor-not-allowed disabled:shadow-none disabled:hover:transform-none disabled:active:transform-none disabled:hover:shadow-none disabled:active:shadow-none active:translate-y-1 active:shadow-none border-2 border-b-4 dark:focus-visible:ring-offset-gray-800 bg-transparent border-transparent shadow-none text-gray-700 font-bold hover:bg-gray-100 hover:text-gray-800 focus-visible:ring-gray-300 dark:text-gray-200 dark:hover:bg-gray-700 dark:hover:text-gray-100 dark:focus-visible:ring-gray-500 h-12 px-7 text-lg min-w-[140px] button-duolingo w-full\"\u001b[39m\n        \u001b[36m>\u001b[39m\n          \u001b[36m<span\u001b[39m\n            \u001b[33mclass\u001b[39m=\u001b[32m\"flex items-center\"\u001b[39m\n          \u001b[36m>\u001b[39m\n            \u001b[36m<img\u001b[39m\n              \u001b[33malt\u001b[39m=\u001b[32m\"Software Development\"\u001b[39m\n              \u001b[33mclass\u001b[39m=\u001b[32m\"mr-4 rounded-md\"\u001b[39m\n              \u001b[33mheight\u001b[39m=\u001b[32m\"32\"\u001b[39m\n              \u001b[33msrc\u001b[39m=\u001b[32m\"/mascot.svg\"\u001b[39m\n              \u001b[33mwidth\u001b[39m=\u001b[32m\"40\"\u001b[39m\n            \u001b[36m/>\u001b[39m\n            \u001b[0mDevelopment\u001b[0m\n          \u001b[36m</span>\u001b[39m\n        \u001b[36m</button>\u001b[39m\n        \u001b[36m<button\u001b[39m\n          \u001b[33mclass\u001b[39m=\u001b[32m\"relative inline-flex items-center justify-center rounded-xl tracking-wide transition-all duration-150 ease-out py-3 focus-visible:outline-none focus-visible:ring-2 focus-visible:ring-offset-2 disabled:opacity-60 disabled:cursor-not-allowed disabled:shadow-none disabled:hover:transform-none disabled:active:transform-none disabled:hover:shadow-none disabled:active:shadow-none active:translate-y-1 active:shadow-none border-2 border-b-4 dark:focus-visible:ring-offset-gray-800 bg-transparent border-transparent shadow-none text-gray-700 font-bold hover:bg-gray-100 hover:text-gray-800 focus-visible:ring-gray-300 dark:text-gray-200 dark:hover:bg-gray-700 dark:hover:text-gray-100 dark:focus-visible:ring-gray-500 h-12 px-7 text-lg min-w-[140px] button-duolingo w-full\"\u001b[39m\n        \u001b[36m>\u001b[39m\n          \u001b[36m<span\u001b[39m\n            \u001b[33mclass\u001b[39m=\u001b[32m\"flex items-center\"\u001b[39m\n          \u001b[36m>\u001b[39m\n            \u001b[36m<img\u001b[39m\n              \u001b[33malt\u001b[39m=\u001b[32m\"DevOps & Operations\"\u001b[39m\n              \u001b[33mclass\u001b[39m=\u001b[32m\"mr-4 rounded-md\"\u001b[39m\n              \u001b[33mheight\u001b[39m=\u001b[32m\"32\"\u001b[39m\n              \u001b[33msrc\u001b[39m=\u001b[32m\"/mascot.svg\"\u001b[39m\n              \u001b[33mwidth\u001b[39m=\u001b[32m\"40\"\u001b[39m\n            \u001b[36m/>\u001b[39m\n            \u001b[0mDevOps & Ops\u001b[0m\n          \u001b[36m</span>\u001b[39m\n        \u001b[36m</button>\u001b[39m\n      \u001b[36m</div>\u001b[39m\n    \u001b[36m</footer>\u001b[39m\n  \u001b[36m</div>\u001b[39m\n\u001b[36m</body>\u001b[39m"],"location":{"line":37,"column":19}},{"ancestorTitles":["","Marketing Footer"],"fullName":" Marketing Footer displays footer links and information","status":"failed","title":"displays footer links and information","duration":15,"failureMessages":["Unable to find an element with the text: /AWS Cloud Academy/i. This could be because the text is broken up by multiple elements. In this case, you can provide a function for your text matcher to make your matcher more flexible.\n\nIgnored nodes: comments, script, style\n\u001b[36m<body>\u001b[39m\n  \u001b[36m<div>\u001b[39m\n    \u001b[36m<footer\u001b[39m\n      \u001b[33mclass\u001b[39m=\u001b[32m\"hidden lg:block h-20 w-full border-t-2 border-slate-200 p-2\"\u001b[39m\n    \u001b[36m>\u001b[39m\n      \u001b[36m<div\u001b[39m\n        \u001b[33mclass\u001b[39m=\u001b[32m\"max-w-screen-lg mx-auto flex items-center justify-evenly h-full\"\u001b[39m\n      \u001b[36m>\u001b[39m\n        \u001b[36m<button\u001b[39m\n          \u001b[33mclass\u001b[39m=\u001b[32m\"relative inline-flex items-center justify-center rounded-xl tracking-wide transition-all duration-150 ease-out py-3 focus-visible:outline-none focus-visible:ring-2 focus-visible:ring-offset-2 disabled:opacity-60 disabled:cursor-not-allowed disabled:shadow-none disabled:hover:transform-none dis
[...]
      \u001b[33mclass\u001b[39m=\u001b[32m\"relative\"\u001b[39m\n        \u001b[33mstyle\u001b[39m=\u001b[32m\"right: 0px; margin-top: 24px;\"\u001b[39m\n      \u001b[36m>\u001b[39m\n        \u001b[36m<button\u001b[39m\n          \u001b[33mclass\u001b[39m=\u001b[32m\"relative inline-flex items-center justify-center rounded-xl tracking-wide ease-out text-base focus-visible:outline-none focus-visible:ring-2 focus-visible:ring-offset-2 disabled:opacity-60 disabled:cursor-not-allowed disabled:shadow-none disabled:hover:transform-none disabled:active:transform-none disabled:hover:shadow-none disabled:active:shadow-none active:translate-y-1 active:shadow-none border-2 dark:focus-visible:ring-offset-gray-800 bg-green-50 border-green-200 font-extrabold hover:bg-green-100 hover:border-green-300 hover:-translate-y-0.5 focus-visible:ring-green-300 dark:bg-gray-800 dark:border-gray-600 dark:text-green-400 dark:shadow-[0_4px_0_#374151] dark:hover:bg-gray-700 dark:hover:border-gray-500 p-0 min-w-[44px] button-duolingo h-[70px] w-[70px] border-b-8 transition-all duration-200 hover:scale-105 shadow-lg bg-gradient-to-br from-green-500 to-emerald-500 hover:from-green-600 hover:to-emerald-600 text-white hover:shadow-xl\"\u001b[39m\n        \u001b[36m>\u001b[39m\n          \u001b[36m<span\u001b[39m\n            \u001b[33mclass\u001b[39m=\u001b[32m\"flex items-center\"\u001b[39m\n          \u001b[36m>\u001b[39m\n            \u001b[36m<svg\u001b[39m\n              \u001b[33mclass\u001b[39m=\u001b[32m\"lucide lucide-check h-10 w-10 text-white drop-shadow-lg fill-none stroke-[4]\"\u001b[39m\n              \u001b[33mfill\u001b[39m=\u001b[32m\"none\"\u001b[39m\n              \u001b[33mheight\u001b[39m=\u001b[32m\"24\"\u001b[39m\n              \u001b[33mstroke\u001b[39m=\u001b[32m\"currentColor\"\u001b[39m\n              \u001b[33mstroke-linecap\u001b[39m=\u001b[32m\"round\"\u001b[39m\n              \u001b[33mstroke-linejoin\u001b[39m=\u001b[32m\"round\"\u001b[39m\n              \u001b[33mstroke-width\u001b[39m=\u001b[32m\"2\"\u001b[39m\n              \u001b[33mviewBox\u001b[39m=\u001b[32m\"0 0 24 24\"\u001b[39m\n              \u001b[33mwidth\u001b[39m=\u001b[32m\"24\"\u001b[39m\n              \u001b[33mxmlns\u001b[39m=\u001b[32m\"http://www.w3.org/2000/svg\"\u001b[39m\n            \u001b[36m>\u001b[39m\n              \u001b[36m<path\u001b[39m\n                \u001b[33md\u001b[39m=\u001b[32m\"M20 6 9 17l-5-5\"\u001b[39m\n              \u001b[36m/>\u001b[39m\n            \u001b[36m</svg>\u001b[39m\n          \u001b[36m</span>\u001b[39m\n        \u001b[36m</button>\u001b[39m\n      \u001b[36m</div>\u001b[39m\n    \u001b[36m</a>\u001b[39m\n  \u001b[36m</div>\u001b[39m\n\u001b[36m</body>\u001b[39m"],"location":{"line":37,"column":19}},{"ancestorTitles":["","Lesson Button"],"fullName":" Lesson Button displays completion percentage","status":"failed","title":"displays completion percentage","duration":16,"failureMessages":["Unable to find an element with the text: 75%. This could be because the text is broken up by multiple elements. In this case, you can provide a function for your text matcher to make your matcher more flexible.\n\nIgnored nodes: comments, script, style\n\u001b[36m<body>\u001b[39m\n  \u001b[36m<div>\u001b[39m\n    \u001b[36m<a\u001b[39m\n      \u001b[33maria-disabled\u001b[39m=\u001b[32m\"false\"\u001b[39m\n      \u001b[33mhref\u001b[39m=\u001b[32m\"/lesson/1\"\u001b[39m\n      \u001b[33mstyle\u001b[39m=\u001b[32m\"pointer-events: auto;\"\u001b[39m\n    \u001b[36m>\u001b[39m\n      \u001b[36m<div\u001b[39m\n        \u001b[33mclass\u001b[39m=\u001b[32m\"relative\"\u001b[39m\n        \u001b[33mstyle\u001b[39m=\u001b[32m\"right: 0px; margin-top: 24px;\"\u001b[39m\n      \u001b[36m>\u001b[39m\n        \u001b[36m<button\u001b[39m\n          \u001b[33mclass\u001b[39m=\u001b[32m\"relative inline-flex items-center justify-center rounded-xl tracking-wide ease-out text-base focus-visible:outline-none focus-visible:ring-2 focus-visible:ring-offset-2 disabled:opacity-60 disabled:cursor-not-allowed disabled:shadow-none disabled:hover:transform-none disabled:active:transform-none disabled:hover:shadow-none disabled:active:shadow-none active:translate-y-1 active:shadow-none border-2 dark:focus-visible:ring-offset-gray-800 bg-green-50 border-green-200 font-extrabold hover:bg-green-100 hover:border-green-300 hover:-translate-y-0.5 focus-visible:ring-green-300 dark:bg-gray-800 dark:border-gray-600 dark:text-green-400 dark:shadow-[0_4px_0_#374151] dark:hover:bg-gray-700 dark:hover:border-gray-500 p-0 min-w-[44px] button-duolingo h-[70px] w-[70px] border-b-8 transition-all duration-200 hover:scale-105 shadow-lg bg-gradient-to-br from-green-500 to-emerald-500 hover:from-green-600 hover:to-emerald-600 text-white hover:shadow-xl\"\u001b[39m\n        \u001b[36m>\u001b[39m\n          \u001b[36m<span\u001b[39m\n            \u001b[33mclass\u001b[39m=\u001b[32m\"flex items-center\"\u001b[39m\n          \u001b[36m>\u001b[39m\n            \u001b[36m<svg\u001b[39m\n              \u001b[33mclass\u001b[39m=\u001b[32m\"lucide lucide-check h-10 w-10 text-white drop-shadow-lg fill-none stroke-[4]\"\u001b[39m\n              \u001b[33mfill\u001b[39m=\u001b[32m\"none\"\u001b[39m\n              \u001b[33mheight\u001b[39m=\u001b[32m\"24\"\u001b[39m\n              \u001b[33mstroke\u001b[39m=\u001b[32m\"currentColor\"\u001b[39m\n              \u001b[33mstroke-linecap\u001b[39m=\u001b[32m\"round\"\u001b[39m\n              \u001b[33mstroke-linejoin\u001b[39m=\u001b[32m\"round\"\u001b[39m\n              \u001b[33mstroke-width\u001b[39m=\u001b[32m\"2\"\u001b[39m\n              \u001b[33mviewBox\u001b[39m=\u001b[32m\"0 0 24 24\"\u001b[39m\n              \u001b[33mwidth\u001b[39m=\u001b[32m\"24\"\u001b[39m\n              \u001b[33mxmlns\u001b[39m=\u001b[32m\"http://www.w3.org/2000/svg\"\u001b[39m\n            \u001b[36m>\u001b[39m\n              \u001b[36m<path\u001b[39m\n                \u001b[33md\u001b[39m=\u001b[32m\"M20 6 9 17l-5-5\"\u001b[39m\n              \u001b[36m/>\u001b[39m\n            \u001b[36m</svg>\u001b[39m\n          \u001b[36m</span>\u001b[39m\n        \u001b[36m</button>\u001b[39m\n      \u001b[36m</div>\u001b[39m\n    \u001b[36m</a>\u001b[39m\n  \u001b[36m</div>\u001b[39m\n\u001b[36m</body>\u001b[39m"],"location":{"line":37,"column":19}},{"ancestorTitles":["","Lesson Button"],"fullName":" Lesson Button shows locked state for locked lessons","status":"failed","title":"shows locked state for locked lessons","duration":16,"failureMessages":["Unable to find an element by: [data-testid=\"lock-icon\"]\n\nIgnored nodes: comments, script, style\n\u001b[36m<body>\u001b[39m\n  \u001b[36m<div>\u001b[39m\n    \u001b[36m<a\u001b[39m\n      \u001b[33maria-disabled\u001b[39m=\u001b[32m\"true\"\u001b[39m\n      \u001b[33mhref\u001b[39m=\u001b[32m\"/lesson\"\u001b[39m\n      \u001b[33mstyle\u001b[39m=\u001b[32m\"pointer-events: none;\"\u001b[39m\n    \u001b[36m>\u001b[39m\n      \u001b[36m<div\u001b[39m\n        \u001b[33mclass\u001b[39m=\u001b[32m\"relative\"\u001b[39m\n        \u001b[33mstyle\u001b[39m=\u001b[32m\"right: 80px; margin-top: 24px;\"\u001b[39m\n      \u001b[36m>\u001b[39m\n        \u001b[36m<button\u001b[39m\n          \u001b[33mclass\u001b[39m=\u001b[32m\"relative inline-flex items-center justify-center rounded-xl tracking-wide ease-out text-base focus-visible:outline-none focus-visible:ring-2 focus-visible:ring-offset-2 disabled:opacity-60 disabled:cursor-not-allowed disabled:shadow-none disabled:hover:transform-none disabled:active:transform-none disabled:hover:shadow-none disabled:active:shadow-none active:translate-y-1 active:shadow-none border-2 dark:focus-visible:ring-offset-gray-800 bg-white border-gray-300 text-gray-800 font-bold hover:bg-gray-50 hover:border-gray-400 hover:shadow-[0_6px_0_#9ca3af] hover:-translate-y-0.5 focus-visible:ring-gray-400 dark:bg-gray-900 dark:border-gray-700 dark:text-gray-100 dark:hover:bg-gray-800 dark:hover:border-gray-600 dark:focus-visible:ring-gray-600 p-0 min-w-[44px] button-duolingo h-[70px] w-[70px] border-b-8 transition-all duration-200 hover:scale-105 shadow-lg opacity-50 cursor-not-allowed\"\u001b[39m\n        \u001b[36m>\u001b[39m\n          \u001b[36m<span\u001b[39m\n            \u001b[33mclass\u001b[39m=\u001b[32m\"flex items-center\"\u001b[39m\n          \u001b[36m>\u001b[39m\n            \u001b[36m<svg\u001b[39m\n              \u001b[33mclass\u001b[39m=\u001b[32m\"lucide lucide-star h-10 w-10 fill-neutral-400 text-neutral-400 stroke-neutral-400\"\u001b[39m\n              \u001b[33mfill\u001b[39m=\u001b[32m\"none\"\u001b[39m\n              \u001b[33mheight\u001b[39m=\u001b[32m\"24\"\u001b[39m\n              \u001b[33mstroke\u001b[39m=\u001b[32m\"currentColor\"\u001b[39m\n              \u001b[33mstroke-linecap\u001b[39m=\u001b[32m\"round\"\u001b[39m\n              \u001b[33mstroke-linejoin\u001b[39m=\u001b[32m\"round\"\u001b[39m\n              \u001b[33mstroke-width\u001b[39m=\u001b[32m\"2\"\u001b[39m\n              \u001b[33mviewBox\u001b[39m=\u001b[32m\"0 0 24 24\"\u001b[39m\n              \u001b[33mwidth\u001b[39m=\u001b[32m\"24\"\u001b[39m\n              \u001b[33mxmlns\u001b[39m=\u001b[32m\"http://www.w3.org/2000/svg\"\u001b[39m\n            \u001b[36m>\u001b[39m\n              \u001b[36m<path\u001b[39m\n                \u001b[33md\u001b[39m=\u001b[32m\"M11.525 2.295a.53.53 0 0 1 .95 0l2.31 4.679a2.123 2.123 0 0 0 1.595 1.16l5.166.756a.53.53 0 0 1 .294.904l-3.736 3.638a2.123 2.123 0 0 0-.611 1.878l.882 5.14a.53.53 0 0 1-.771.56l-4.618-2.428a2.122 2.122 0 0 0-1.973 0L6.396 21.01a.53.53 0 0 1-.77-.56l.881-5.139a2.122 2.122 0 0 0-.611-1.879L2.16 9.795a.53.53 0 0 1 .294-.906l5.165-.755a2.122 2.122 0 0 0 1.597-1.16z\"\u001b[39m\n              \u001b[36m/>\u001b[39m\n            \u001b[36m</svg>\u001b[39m\n          \u001b[36m</span>\u001b[39m\n        \u001b[36m</button>\u001b[39m\n      \u001b[36m</div>\u001b[39m\n    \u001b[36m</a>\u001b[39m\n  \u001b[36m</div>\u001b[39m\n\u001b[36m</body>\u001b[39m"],"location":{"line":37,"column":19}},{"ancestorTitles":["","Lesson Button"],"fullName":" Lesson Button highlights current lesson","status":"failed","title":"highlights current lesson","duration":43,"failureMessages":["expect(element).toHaveClass(\"border-sky-300\")\n\nExpected the element to have class:\n  border-sky-300\nReceived:\n"],"location":{"line":84,"column":20}},{"ancestorTitles":["","Lesson Button"],"fullName":" Lesson Button creates correct lesson link","status":"passed","title":"creates correct lesson link","duration":119,"failureMessages":[]},{"ancestorTitles":["","Lesson Button"],"fullName":" Lesson Button shows completion crown for 100% completed lessons","status":"failed","title":"shows completion crown for 100% completed lessons","duration":19,"failureMessages":["Unable to find an element by: [data-testid=\"crown-icon\"]\n\nIgnored nodes: comments, script, style\n\u001b[36m<body>\u001b[39m\n  \u001b[36m<div>\u001b[39m\n    \u001b[36m<a\u001b[39m\n      \u001b[33maria-disabled\u001b[39m=\u001b[32m\"false\"\u001b[39m\n      \u001b[33mhref\u001b[39m=\u001b[32m\"/lesson/1\"\u001b[39m\n      \u001b[33mstyle\u001b[39m=\u001b[32m\"pointer-events: auto;\"\u001b[39m\n    \u001b[36m>\u001b[39m\n      \u001b[36m<div\u001b[39m\n        \u001b[33mclass\u001b[39m=\u001b[32m\"relative\"\u001b[39m\n        \u001b[33mstyle\u001b[39m=\u001b[32m\"right: 0px; margin-top: 24px;\"\u001b[39m\n      \u001b[36m>\u001b[39m\n        \u001b[36m<button\u001b[39m\n          \u001b[33mclass\u001b[39m=\u001b[32m\"relative inline-flex items-center justify-center rounded-xl tracking-wide ease-out text-base focus-visible:outline-none focus-visible:ring-2 focus-visible:ring-offset-2 disabled:opacity-60 disabled:cursor-not-allowed disabled:shadow-none disabled:hover:transform-none disabled:active:transform-none disabled:hover:shadow-none disabled:active:shadow-none active:translate-y-1 active:shadow-none border-2 dark:focus-visible:ring-offset-gray-800 bg-green-50 border-green-200 font-extrabold hover:bg-green-100 hover:border-green-300 hover:-translate-y-0.5 focus-visible:ring-green-300 dark:bg-gray-800 dark:border-gray-600 dark:text-green-400 dark:shadow-[0_4px_0_#374151] dark:hover:bg-gray-700 dark:hover:border-gray-500 p-0 min-w-[44px] button-duolingo h-[70px] w-[70px] border-b-8 transition-all duration-200 hover:scale-105 shadow-lg bg-gradient-to-br from-green-500 to-emerald-500 hover:from-green-600 hover:to-emerald-600 text-white hover:shadow-xl\"\u001b[39m\n        \u001b[36m>\u001b[39m\n          \u001b[36m<span\u001b[39m\n            \u001b[33mclass\u001b[39m=\u001b[32m\"flex items-center\"\u001b[39m\n          \u001b[36m>\u001b[39m\n            \u001b[36m<svg\u001b[39m\n              \u001b[33mclass\u001b[39m=\u001b[32m\"lucide lucide-check h-10 w-10 text-white drop-shadow-lg fill-none stroke-[4]\"\u001b[39m\n              \u001b[33mfill\u001b[39m=\u001b[32m\"none\"\u001b[39m\n              \u001b[33mheight\u001b[39m=\u001b[32m\"24\"\u001b[39m\n              \u001b[33mstroke\u001b[39m=\u001b[32m\"currentColor\"\u001b[39m\n              \u001b[33mstroke-linecap\u001b[39m=\u001b[32m\"round\"\u001b[39m\n              \u001b[33mstroke-linejoin\u001b[39m=\u001b[32m\"round\"\u001b[39m\n              \u001b[33mstroke-width\u001b[39m=\u001b[32m\"2\"\u001b[39m\n              \u001b[33mviewBox\u001b[39m=\u001b[32m\"0 0 24 24\"\u001b[39m\n              \u001b[33mwidth\u001b[39m=\u001b[32m\"24\"\u001b[39m\n              \u001b[33mxmlns\u001b[39m=\u001b[32m\"http://www.w3.org/2000/svg\"\u001b[39m\n            \u001b[36m>\u001b[39m\n              \u001b[36m<path\u001b[39m\n                \u001b[33md\u001b[39m=\u001b[32m\"M20 6 9 17l-5-5\"\u001b[39m\n              \u001b[36m/>\u001b[39m\n            \u001b[36m</svg>\u001b[39m\n          \u001b[36m</span>\u001b[39m\n        \u001b[36m</button>\u001b[39m\n      \u001b[36m</div>\u001b[39m\n    \u001b[36m</a>\u001b[39m\n  \u001b[36m</div>\u001b[39m\n\u001b[36m</body>\u001b[39m"],"location":{"line":37,"column":19}},{"ancestorTitles":["","Lesson Button"],"fullName":" Lesson Button disables click for locked lessons","status":"failed","title":"disables click for locked lessons","duration":19,"failureMessages":["expect(element).toHaveClass(\"pointer-events-none opacity-50\")\n\nExpected the element to have class:\n  pointer-events-none opacity-50\nReceived:\n"],"location":{"line":134,"column":18}}],"startTime":1760191292521,"endTime":1760191293141,"status":"failed","message":"","name":"/Users/behrouz/Desktop/CodeBase/aws-learning-platform/__tests__/app/main/learn/lesson-button.test.tsx"},{"assertionResults":[{"ancestorTitles":["","Unit Banner"],"fullName":" Unit Banner renders unit title and description","status":"passed","title":"renders unit title and description","duration":227,"failureMessages":[]},{"ancestorTitles":["","Unit Banner"],"fullName":" Unit Banner displays completion status for completed units","status":"passed","title":"displays completion status for completed units","duration":24,"failureMessages":[]},{"ancestorTitles":["","Unit Banner"],"fullName":" Unit Banner shows continue button for incomplete units","status":"passed","title":"shows continue button for incomplete units","duration":37,"failureMessages":[]},{"ancestorTitles":["","Unit Banner"],"fullName":" Unit Banner shows completion message for completed units","status":"passed","title":"shows completion message for completed units","duration":26,"failureMessages":[]},{"ancestorTitles":["","Unit Banner"],"fullName":" Unit Banner displays progress information correctly","status":"passed","title":"displays progress information correctly","duration":36,"failureMessages":[]},{"ancestorTitles":["","Unit Banner"],"fullName":" Unit Banner has proper styling for completed vs incomplete states","status":"passed","title":"has proper styling for completed vs incomplete states","duration":104,"failureMessages":[]}],"startTime":1760191293580,"endTime":1760191294034,"status":"passed","message":"","name":"/Users/behrouz/Desktop/CodeBase/aws-learning-platform/__tests__/app/main/learn/unit-banner.test.tsx"},{"assertionResults":[{"ancestorTitles":["","Pro Page"],"fullName":" Pro Page renders the hero section with upgrade messaging","status":"passed","title":"renders the hero section with upgrade messaging","duration":271,"failureMessages":[]},{"ancestorTitles":["","Pro Page"],"fullName":" Pro Page displays pro features and benefits","status":"passed","title":"displays pro features and benefits","duration":214,"failureMessages":[]},{"ancestorTitles":["","Pro Page"],"fullName":" Pro Page shows pricing information","status":"passed","title":"shows pricing information","duration":38,"failureMessages":[]},{"ancestorTitles":["","Pro Page"],"fullName":" Pro Page includes testimonials section","status":"passed","title":"includes testimonials section","duration":49,"failureMessages":[]},{"ancestorTitles":["","Pro Page"],"fullName":" Pro Page has a final call-to-action section","status":"passed","title":"has a final call-to-action section","duration":104,"failureMessages":[]},{"ancestorTitles":["","Pro Page"],"fullName":" Pro Page displays feature comparison","status":"passed","title":"displays feature comparison","duration":43,"failureMessages":[]},{"ancestorTitles":["","Pro Page"],"fullName":" Pro Page displays testimonials section","status":"passed","title":"displays testimonials section","duration":26,"failureMessages":[]},{"ancestorTitles":["","Pro Page"],"fullName":" Pro Page does not redirect when user is not pro","status":"passed","title":"does not redirect when user is not pro","duration":29,"failureMessages":[]}],"startTime":1760191291296,"endTime":1760191292071,"status":"passed","message":"","name":"/Users/behrouz/Desktop/CodeBase/aws-learning-platform/__tests__/app/main/pro/page.test.tsx"},{"assertionResults":[{"ancestorTitles":["","QuestsPage server component"],"fullName":" QuestsPage server component redirects to courses when user progress is unavailable","status":"passed","title":"redirects to courses when user progress is unavailable","duration":4,"failureMessages":[]},{"ancestorTitles":["","QuestsPage server component"],"fullName":" QuestsPage server component hydrates quest context for the active learner","status":"passed","title":"hydrates quest context for the active learner","duration":165,"failureMessages":[]}],"startTime":1760191291531,"endTime":1760191291700,"status":"passed","message":"","name":"/Users/behrouz/Desktop/CodeBase/aws-learning-platform/__tests__/app/main/quests/page.test.tsx"},{"assertionResults":[{"ancestorTitles":["","QuestAchievements"],"fullName":" QuestAchievements displays unlocked versus locked achievements with progress","status":"passed","title":"displays unlocked versus locked achievements with progress","duration":157,"failureMessages":[]},{"ancestorTitles":["","QuestAchievements"],"fullName":" QuestAchievements shows progress details for locked achievements and call to action","status":"passed","title":"shows progress details for locked achievements and call to action","duration":76,"failureMessages":[]}],"startTime":1760191295239,"endTime":1760191295472,"status":"passed","message":"","name":"/Users/behrouz/Desktop/CodeBase/aws-learning-platform/__tests__/app/main/quests/quest-achievements.test.tsx"},{"assertionResults":[{"ancestorTitles":["","QuestProgressTracker"],"fullName":" QuestProgressTracker summarises quest status counts and completion percentage","status":"passed","title":"summarises quest status counts and completion percentage","duration":81,"failureMessages":[]},{"ancestorTitles":["","QuestProgressTracker"],"fullName":" QuestProgressTracker filters quests by category selection","status":"passed","title":"filters quests by category selection","duration":146,"failureMessages":[]}],"startTime":1760191294281,"endTime":1760191294508,"status":"passed","message":"","name":"/Users/behrouz/Desktop/CodeBase/aws-learning-platform/__tests__/app/main/quests/quest-progress-tracker.test.tsx"}]}